<?xml version="1.0" encoding="UTF-8"?>
<coverage generated="1675867912287" clover="3.2.0">
  <project timestamp="1675867912287" name="All files">
    <metrics statements="285" coveredstatements="193" conditionals="132" coveredconditionals="63" methods="52" coveredmethods="32" elements="469" coveredelements="288" complexity="0" loc="285" ncloc="285" packages="1" files="5" classes="5"/>
    <file name="AppServer.ts" path="/mnt/DATA/01-WORK/LIBRARIES/NODEJS/mini-express-server/lib/AppServer.ts">
      <metrics statements="176" coveredstatements="110" conditionals="79" coveredconditionals="41" methods="35" coveredmethods="19"/>
      <line num="3" count="4" type="stmt"/>
      <line num="4" count="4" type="stmt"/>
      <line num="5" count="4" type="stmt"/>
      <line num="6" count="4" type="stmt"/>
      <line num="7" count="4" type="stmt"/>
      <line num="15" count="4" type="stmt"/>
      <line num="18" count="4" type="stmt"/>
      <line num="19" count="4" type="stmt"/>
      <line num="21" count="4" type="stmt"/>
      <line num="22" count="20" type="stmt"/>
      <line num="23" count="20" type="stmt"/>
      <line num="24" count="20" type="stmt"/>
      <line num="25" count="20" type="stmt"/>
      <line num="26" count="20" type="stmt"/>
      <line num="27" count="20" type="stmt"/>
      <line num="28" count="20" type="stmt"/>
      <line num="29" count="20" type="stmt"/>
      <line num="36" count="20" type="stmt"/>
      <line num="37" count="20" type="stmt"/>
      <line num="45" count="20" type="stmt"/>
      <line num="53" count="20" type="stmt"/>
      <line num="55" count="20" type="stmt"/>
      <line num="56" count="0" type="stmt"/>
      <line num="57" count="0" type="stmt"/>
      <line num="58" count="0" type="stmt"/>
      <line num="60" count="0" type="stmt"/>
      <line num="61" count="0" type="stmt"/>
      <line num="63" count="0" type="stmt"/>
      <line num="64" count="0" type="stmt"/>
      <line num="65" count="0" type="stmt"/>
      <line num="81" count="25" type="stmt"/>
      <line num="82" count="25" type="stmt"/>
      <line num="83" count="25" type="cond" truecount="2" falsecount="0"/>
      <line num="84" count="19" type="stmt"/>
      <line num="85" count="6" type="cond" truecount="2" falsecount="0"/>
      <line num="86" count="4" type="stmt"/>
      <line num="87" count="2" type="cond" truecount="2" falsecount="0"/>
      <line num="88" count="1" type="stmt"/>
      <line num="89" count="1" type="cond" truecount="1" falsecount="1"/>
      <line num="90" count="1" type="stmt"/>
      <line num="92" count="0" type="stmt"/>
      <line num="93" count="0" type="stmt"/>
      <line num="112" count="26" type="stmt"/>
      <line num="113" count="26" type="stmt"/>
      <line num="114" count="26" type="stmt"/>
      <line num="115" count="26" type="stmt"/>
      <line num="116" count="26" type="stmt"/>
      <line num="117" count="26" type="stmt"/>
      <line num="118" count="26" type="stmt"/>
      <line num="119" count="26" type="stmt"/>
      <line num="121" count="26" type="stmt"/>
      <line num="123" count="26" type="stmt"/>
      <line num="124" count="7" type="stmt"/>
      <line num="125" count="7" type="stmt"/>
      <line num="127" count="26" type="stmt"/>
      <line num="128" count="5" type="stmt"/>
      <line num="129" count="5" type="stmt"/>
      <line num="130" count="5" type="stmt"/>
      <line num="131" count="5" type="stmt"/>
      <line num="134" count="26" type="stmt"/>
      <line num="135" count="0" type="stmt"/>
      <line num="136" count="0" type="stmt"/>
      <line num="137" count="0" type="stmt"/>
      <line num="138" count="0" type="stmt"/>
      <line num="141" count="26" type="stmt"/>
      <line num="142" count="3" type="stmt"/>
      <line num="143" count="3" type="stmt"/>
      <line num="144" count="3" type="stmt"/>
      <line num="146" count="2" type="cond" truecount="3" falsecount="1"/>
      <line num="148" count="1" type="stmt"/>
      <line num="149" count="1" type="stmt"/>
      <line num="150" count="1" type="stmt"/>
      <line num="153" count="26" type="stmt"/>
      <line num="154" count="0" type="stmt"/>
      <line num="155" count="0" type="stmt"/>
      <line num="156" count="0" type="stmt"/>
      <line num="157" count="0" type="stmt"/>
      <line num="158" count="0" type="stmt"/>
      <line num="159" count="0" type="stmt"/>
      <line num="160" count="0" type="stmt"/>
      <line num="161" count="0" type="stmt"/>
      <line num="163" count="0" type="stmt"/>
      <line num="164" count="0" type="stmt"/>
      <line num="168" count="26" type="stmt"/>
      <line num="172" count="25" type="stmt"/>
      <line num="173" count="25" type="stmt"/>
      <line num="174" count="25" type="cond" truecount="1" falsecount="2"/>
      <line num="175" count="0" type="stmt"/>
      <line num="190" count="0" type="stmt"/>
      <line num="191" count="0" type="stmt"/>
      <line num="192" count="0" type="cond" truecount="0" falsecount="2"/>
      <line num="193" count="0" type="stmt"/>
      <line num="195" count="0" type="stmt"/>
      <line num="198" count="0" type="cond" truecount="0" falsecount="4"/>
      <line num="199" count="0" type="cond" truecount="0" falsecount="1"/>
      <line num="200" count="0" type="stmt"/>
      <line num="201" count="0" type="cond" truecount="0" falsecount="4"/>
      <line num="228" count="26" type="stmt"/>
      <line num="256" count="10" type="stmt"/>
      <line num="287" count="8" type="stmt"/>
      <line num="315" count="5" type="stmt"/>
      <line num="384" count="10" type="cond" truecount="1" falsecount="0"/>
      <line num="385" count="6" type="cond" truecount="0" falsecount="1"/>
      <line num="386" count="6" type="stmt"/>
      <line num="388" count="6" type="cond" truecount="2" falsecount="0"/>
      <line num="389" count="2" type="stmt"/>
      <line num="391" count="4" type="stmt"/>
      <line num="392" count="4" type="stmt"/>
      <line num="393" count="4" type="stmt"/>
      <line num="394" count="4" type="stmt"/>
      <line num="397" count="10" type="cond" truecount="1" falsecount="0"/>
      <line num="398" count="4" type="cond" truecount="0" falsecount="1"/>
      <line num="399" count="4" type="stmt"/>
      <line num="400" count="4" type="stmt"/>
      <line num="407" count="4" type="stmt"/>
      <line num="422" count="30" type="stmt"/>
      <line num="423" count="30" type="stmt"/>
      <line num="424" count="30" type="stmt"/>
      <line num="425" count="30" type="cond" truecount="1" falsecount="1"/>
      <line num="426" count="0" type="stmt"/>
      <line num="428" count="30" type="stmt"/>
      <line num="431" count="30" type="cond" truecount="1" falsecount="0"/>
      <line num="432" count="3" type="stmt"/>
      <line num="434" count="27" type="stmt"/>
      <line num="435" count="27" type="stmt"/>
      <line num="436" count="49" type="cond" truecount="2" falsecount="0"/>
      <line num="437" count="1" type="stmt"/>
      <line num="439" count="48" type="stmt"/>
      <line num="440" count="48" type="cond" truecount="1" falsecount="0"/>
      <line num="441" count="2" type="stmt"/>
      <line num="445" count="46" type="stmt"/>
      <line num="446" count="46" type="cond" truecount="0" falsecount="1"/>
      <line num="447" count="46" type="stmt"/>
      <line num="449" count="10" type="stmt"/>
      <line num="453" count="27" type="stmt"/>
      <line num="457" count="11" type="cond" truecount="2" falsecount="0"/>
      <line num="458" count="9" type="stmt"/>
      <line num="461" count="2" type="cond" truecount="9" falsecount="3"/>
      <line num="464" count="2" type="cond" truecount="4" falsecount="3"/>
      <line num="469" count="7" type="stmt"/>
      <line num="473" count="30" type="stmt"/>
      <line num="474" count="30" type="cond" truecount="1" falsecount="0"/>
      <line num="475" count="22" type="stmt"/>
      <line num="476" count="0" type="cond" truecount="0" falsecount="1"/>
      <line num="477" count="0" type="stmt"/>
      <line num="478" count="0" type="stmt"/>
      <line num="479" count="0" type="stmt"/>
      <line num="480" count="0" type="stmt"/>
      <line num="483" count="22" type="cond" truecount="0" falsecount="1"/>
      <line num="484" count="22" type="stmt"/>
      <line num="488" count="0" type="cond" truecount="0" falsecount="1"/>
      <line num="489" count="0" type="stmt"/>
      <line num="490" count="0" type="cond" truecount="0" falsecount="1"/>
      <line num="491" count="0" type="stmt"/>
      <line num="492" count="0" type="stmt"/>
      <line num="496" count="0" type="stmt"/>
      <line num="497" count="0" type="stmt"/>
      <line num="498" count="0" type="stmt"/>
      <line num="499" count="0" type="stmt"/>
      <line num="500" count="0" type="stmt"/>
      <line num="501" count="0" type="cond" truecount="0" falsecount="4"/>
      <line num="502" count="0" type="stmt"/>
      <line num="503" count="0" type="stmt"/>
      <line num="504" count="0" type="cond" truecount="0" falsecount="1"/>
      <line num="505" count="0" type="stmt"/>
      <line num="507" count="0" type="cond" truecount="0" falsecount="1"/>
      <line num="508" count="0" type="stmt"/>
      <line num="510" count="0" type="stmt"/>
      <line num="514" count="0" type="stmt"/>
      <line num="515" count="0" type="stmt"/>
      <line num="516" count="0" type="stmt"/>
      <line num="517" count="0" type="stmt"/>
      <line num="519" count="0" type="stmt"/>
      <line num="520" count="0" type="stmt"/>
      <line num="524" count="0" type="stmt"/>
      <line num="525" count="0" type="stmt"/>
    </file>
    <file name="Router.ts" path="/mnt/DATA/01-WORK/LIBRARIES/NODEJS/mini-express-server/lib/Router.ts">
      <metrics statements="56" coveredstatements="30" conditionals="40" coveredconditionals="9" methods="7" coveredmethods="5"/>
      <line num="4" count="4" type="stmt"/>
      <line num="5" count="2" type="stmt"/>
      <line num="6" count="2" type="stmt"/>
      <line num="7" count="2" type="stmt"/>
      <line num="8" count="2" type="stmt"/>
      <line num="11" count="4" type="cond" truecount="0" falsecount="1"/>
      <line num="12" count="4" type="cond" truecount="2" falsecount="0"/>
      <line num="13" count="4" type="stmt"/>
      <line num="14" count="4" type="stmt"/>
      <line num="18" count="2" type="cond" truecount="0" falsecount="1"/>
      <line num="19" count="2" type="cond" truecount="2" falsecount="0"/>
      <line num="20" count="2" type="stmt"/>
      <line num="21" count="2" type="stmt"/>
      <line num="25" count="2" type="cond" truecount="0" falsecount="1"/>
      <line num="26" count="2" type="cond" truecount="2" falsecount="0"/>
      <line num="27" count="2" type="stmt"/>
      <line num="28" count="2" type="stmt"/>
      <line num="32" count="0" type="cond" truecount="0" falsecount="1"/>
      <line num="33" count="0" type="cond" truecount="0" falsecount="2"/>
      <line num="34" count="0" type="stmt"/>
      <line num="35" count="0" type="stmt"/>
      <line num="39" count="0" type="cond" truecount="0" falsecount="2"/>
      <line num="40" count="0" type="stmt"/>
      <line num="41" count="0" type="cond" truecount="0" falsecount="1"/>
      <line num="43" count="0" type="stmt"/>
      <line num="44" count="0" type="stmt"/>
      <line num="45" count="0" type="stmt"/>
      <line num="46" count="0" type="stmt"/>
      <line num="47" count="0" type="stmt"/>
      <line num="48" count="0" type="stmt"/>
      <line num="50" count="0" type="stmt"/>
      <line num="51" count="0" type="cond" truecount="0" falsecount="1"/>
      <line num="53" count="0" type="stmt"/>
      <line num="54" count="0" type="cond" truecount="0" falsecount="4"/>
      <line num="56" count="0" type="stmt"/>
      <line num="57" count="0" type="cond" truecount="0" falsecount="4"/>
      <line num="59" count="0" type="stmt"/>
      <line num="60" count="0" type="cond" truecount="0" falsecount="4"/>
      <line num="62" count="0" type="stmt"/>
      <line num="63" count="0" type="cond" truecount="0" falsecount="4"/>
      <line num="69" count="2" type="stmt"/>
      <line num="70" count="4" type="stmt"/>
      <line num="71" count="4" type="cond" truecount="1" falsecount="1"/>
      <line num="72" count="4" type="stmt"/>
      <line num="74" count="2" type="stmt"/>
      <line num="75" count="2" type="stmt"/>
      <line num="76" count="2" type="cond" truecount="1" falsecount="1"/>
      <line num="77" count="2" type="stmt"/>
      <line num="79" count="2" type="stmt"/>
      <line num="80" count="2" type="stmt"/>
      <line num="81" count="2" type="cond" truecount="1" falsecount="1"/>
      <line num="82" count="2" type="stmt"/>
      <line num="84" count="2" type="stmt"/>
      <line num="85" count="0" type="stmt"/>
      <line num="86" count="0" type="cond" truecount="0" falsecount="2"/>
      <line num="87" count="0" type="stmt"/>
    </file>
    <file name="RoutesTrie.ts" path="/mnt/DATA/01-WORK/LIBRARIES/NODEJS/mini-express-server/lib/RoutesTrie.ts">
      <metrics statements="40" coveredstatements="40" conditionals="12" coveredconditionals="12" methods="7" coveredmethods="7"/>
      <line num="8" count="5" type="stmt"/>
      <line num="9" count="84" type="stmt"/>
      <line num="11" count="157" type="stmt"/>
      <line num="12" count="58" type="stmt"/>
      <line num="13" count="58" type="stmt"/>
      <line num="14" count="87" type="cond" truecount="1" falsecount="0"/>
      <line num="15" count="65" type="stmt"/>
      <line num="16" count="65" type="stmt"/>
      <line num="18" count="87" type="stmt"/>
      <line num="20" count="58" type="stmt"/>
      <line num="21" count="58" type="cond" truecount="2" falsecount="0"/>
      <line num="22" count="58" type="stmt"/>
      <line num="23" count="58" type="stmt"/>
      <line num="26" count="46" type="stmt"/>
      <line num="27" count="19" type="stmt"/>
      <line num="28" count="19" type="stmt"/>
      <line num="29" count="29" type="cond" truecount="1" falsecount="0"/>
      <line num="30" count="7" type="stmt"/>
      <line num="32" count="22" type="stmt"/>
      <line num="34" count="12" type="stmt"/>
      <line num="38" count="62" type="stmt"/>
      <line num="39" count="161" type="stmt"/>
      <line num="40" count="62" type="stmt"/>
      <line num="41" count="62" type="stmt"/>
      <line num="42" count="92" type="stmt"/>
      <line num="43" count="92" type="stmt"/>
      <line num="44" count="194" type="cond" truecount="3" falsecount="0"/>
      <line num="45" count="88" type="cond" truecount="2" falsecount="0"/>
      <line num="46" count="19" type="stmt"/>
      <line num="47" count="19" type="stmt"/>
      <line num="48" count="19" type="stmt"/>
      <line num="49" count="19" type="stmt"/>
      <line num="51" count="69" type="cond" truecount="1" falsecount="0"/>
      <line num="52" count="60" type="stmt"/>
      <line num="53" count="60" type="stmt"/>
      <line num="57" count="92" type="cond" truecount="1" falsecount="0"/>
      <line num="58" count="79" type="stmt"/>
      <line num="60" count="49" type="cond" truecount="1" falsecount="0"/>
      <line num="61" count="42" type="stmt"/>
      <line num="62" count="42" type="stmt"/>
    </file>
    <file name="index.ts" path="/mnt/DATA/01-WORK/LIBRARIES/NODEJS/mini-express-server/lib/index.ts">
      <metrics statements="7" coveredstatements="7" conditionals="0" coveredconditionals="0" methods="2" coveredmethods="0"/>
      <line num="1" count="4" type="stmt"/>
      <line num="2" count="4" type="stmt"/>
      <line num="3" count="4" type="stmt"/>
      <line num="4" count="4" type="stmt"/>
      <line num="5" count="4" type="stmt"/>
      <line num="6" count="4" type="stmt"/>
      <line num="7" count="4" type="stmt"/>
    </file>
    <file name="models.class.ts" path="/mnt/DATA/01-WORK/LIBRARIES/NODEJS/mini-express-server/lib/models.class.ts">
      <metrics statements="6" coveredstatements="6" conditionals="1" coveredconditionals="1" methods="1" coveredmethods="1"/>
      <line num="23" count="4" type="stmt"/>
      <line num="24" count="4" type="stmt"/>
      <line num="25" count="4" type="stmt"/>
      <line num="27" count="4" type="stmt"/>
      <line num="28" count="4" type="stmt"/>
      <line num="29" count="4" type="stmt"/>
    </file>
  </project>
</coverage>
