{"/mnt/DATA/01-WORK/LIBRARIES/NODEJS/mini-express-server/lib/AppServer.ts": {"path":"/mnt/DATA/01-WORK/LIBRARIES/NODEJS/mini-express-server/lib/AppServer.ts","statementMap":{"0":{"start":{"line":3,"column":0},"end":{"line":3,"column":82}},"1":{"start":{"line":4,"column":0},"end":{"line":4,"column":32}},"2":{"start":{"line":5,"column":0},"end":{"line":5,"column":30}},"3":{"start":{"line":6,"column":0},"end":{"line":6,"column":34}},"4":{"start":{"line":7,"column":0},"end":{"line":7,"column":null}},"5":{"start":{"line":15,"column":0},"end":{"line":15,"column":42}},"6":{"start":{"line":18,"column":0},"end":{"line":18,"column":30}},"7":{"start":{"line":19,"column":13},"end":{"line":19,"column":34}},"8":{"start":{"line":22,"column":2},"end":{"line":22,"column":57}},"9":{"start":{"line":23,"column":10},"end":{"line":23,"column":22}},"10":{"start":{"line":24,"column":10},"end":{"line":24,"column":56}},"11":{"start":{"line":25,"column":10},"end":{"line":25,"column":57}},"12":{"start":{"line":26,"column":10},"end":{"line":26,"column":56}},"13":{"start":{"line":27,"column":10},"end":{"line":27,"column":59}},"14":{"start":{"line":28,"column":10},"end":{"line":28,"column":48}},"15":{"start":{"line":29,"column":2},"end":{"line":29,"column":38}},"16":{"start":{"line":36,"column":4},"end":{"line":36,"column":23}},"17":{"start":{"line":37,"column":4},"end":{"line":37,"column":40}},"18":{"start":{"line":45,"column":40},"end":{"line":52,"column":6}},"19":{"start":{"line":53,"column":17},"end":{"line":53,"column":48}},"20":{"start":{"line":55,"column":4},"end":{"line":67,"column":7}},"21":{"start":{"line":56,"column":17},"end":{"line":56,"column":19}},"22":{"start":{"line":57,"column":6},"end":{"line":59,"column":9}},"23":{"start":{"line":58,"column":8},"end":{"line":58,"column":22}},"24":{"start":{"line":60,"column":6},"end":{"line":62,"column":9}},"25":{"start":{"line":61,"column":8},"end":{"line":61,"column":42}},"26":{"start":{"line":63,"column":6},"end":{"line":66,"column":9}},"27":{"start":{"line":64,"column":8},"end":{"line":64,"column":60}},"28":{"start":{"line":65,"column":8},"end":{"line":65,"column":25}},"29":{"start":{"line":81,"column":51},"end":{"line":81,"column":84}},"30":{"start":{"line":82,"column":4},"end":{"line":82,"column":69}},"31":{"start":{"line":83,"column":4},"end":{"line":94,"column":null}},"32":{"start":{"line":84,"column":6},"end":{"line":84,"column":72}},"33":{"start":{"line":85,"column":11},"end":{"line":94,"column":null}},"34":{"start":{"line":86,"column":6},"end":{"line":86,"column":73}},"35":{"start":{"line":87,"column":11},"end":{"line":94,"column":null}},"36":{"start":{"line":88,"column":6},"end":{"line":88,"column":72}},"37":{"start":{"line":89,"column":11},"end":{"line":94,"column":null}},"38":{"start":{"line":90,"column":6},"end":{"line":90,"column":75}},"39":{"start":{"line":92,"column":6},"end":{"line":92,"column":66}},"40":{"start":{"line":93,"column":6},"end":{"line":93,"column":39}},"41":{"start":{"line":112,"column":21},"end":{"line":112,"column":55}},"42":{"start":{"line":113,"column":33},"end":{"line":113,"column":48}},"43":{"start":{"line":114,"column":4},"end":{"line":114,"column":27}},"44":{"start":{"line":115,"column":4},"end":{"line":115,"column":45}},"45":{"start":{"line":116,"column":4},"end":{"line":116,"column":27}},"46":{"start":{"line":117,"column":4},"end":{"line":117,"column":54}},"47":{"start":{"line":118,"column":4},"end":{"line":118,"column":54}},"48":{"start":{"line":119,"column":4},"end":{"line":119,"column":28}},"49":{"start":{"line":121,"column":35},"end":{"line":121,"column":51}},"50":{"start":{"line":123,"column":4},"end":{"line":126,"column":6}},"51":{"start":{"line":124,"column":6},"end":{"line":124,"column":35}},"52":{"start":{"line":125,"column":6},"end":{"line":125,"column":18}},"53":{"start":{"line":127,"column":4},"end":{"line":132,"column":6}},"54":{"start":{"line":128,"column":6},"end":{"line":128,"column":29}},"55":{"start":{"line":129,"column":6},"end":{"line":129,"column":71}},"56":{"start":{"line":130,"column":6},"end":{"line":130,"column":23}},"57":{"start":{"line":131,"column":6},"end":{"line":131,"column":17}},"58":{"start":{"line":134,"column":4},"end":{"line":139,"column":6}},"59":{"start":{"line":135,"column":6},"end":{"line":135,"column":29}},"60":{"start":{"line":136,"column":6},"end":{"line":136,"column":71}},"61":{"start":{"line":137,"column":6},"end":{"line":137,"column":23}},"62":{"start":{"line":138,"column":6},"end":{"line":138,"column":17}},"63":{"start":{"line":141,"column":4},"end":{"line":151,"column":6}},"64":{"start":{"line":142,"column":20},"end":{"line":142,"column":22}},"65":{"start":{"line":143,"column":6},"end":{"line":147,"column":null}},"66":{"start":{"line":144,"column":8},"end":{"line":144,"column":47}},"67":{"start":{"line":146,"column":8},"end":{"line":146,"column":47}},"68":{"start":{"line":148,"column":6},"end":{"line":148,"column":78}},"69":{"start":{"line":149,"column":6},"end":{"line":149,"column":26}},"70":{"start":{"line":150,"column":6},"end":{"line":150,"column":17}},"71":{"start":{"line":153,"column":4},"end":{"line":166,"column":6}},"72":{"start":{"line":154,"column":25},"end":{"line":154,"column":54}},"73":{"start":{"line":155,"column":26},"end":{"line":155,"column":66}},"74":{"start":{"line":156,"column":6},"end":{"line":156,"column":71}},"75":{"start":{"line":157,"column":6},"end":{"line":157,"column":28}},"76":{"start":{"line":158,"column":6},"end":{"line":162,"column":9}},"77":{"start":{"line":159,"column":8},"end":{"line":159,"column":30}},"78":{"start":{"line":160,"column":8},"end":{"line":160,"column":45}},"79":{"start":{"line":161,"column":8},"end":{"line":161,"column":19}},"80":{"start":{"line":163,"column":6},"end":{"line":165,"column":9}},"81":{"start":{"line":164,"column":8},"end":{"line":164,"column":19}},"82":{"start":{"line":168,"column":4},"end":{"line":168,"column":49}},"83":{"start":{"line":172,"column":20},"end":{"line":172,"column":31}},"84":{"start":{"line":173,"column":23},"end":{"line":173,"column":41}},"85":{"start":{"line":174,"column":4},"end":{"line":176,"column":null}},"86":{"start":{"line":175,"column":6},"end":{"line":175,"column":47}},"87":{"start":{"line":190,"column":4},"end":{"line":190,"column":21}},"88":{"start":{"line":191,"column":40},"end":{"line":191,"column":65}},"89":{"start":{"line":192,"column":4},"end":{"line":196,"column":null}},"90":{"start":{"line":193,"column":6},"end":{"line":193,"column":42}},"91":{"start":{"line":195,"column":6},"end":{"line":195,"column":26}},"92":{"start":{"line":198,"column":4},"end":{"line":203,"column":27}},"93":{"start":{"line":199,"column":6},"end":{"line":202,"column":null}},"94":{"start":{"line":200,"column":9},"end":{"line":200,"column":65}},"95":{"start":{"line":201,"column":8},"end":{"line":201,"column":39}},"96":{"start":{"line":228,"column":4},"end":{"line":228,"column":43}},"97":{"start":{"line":256,"column":4},"end":{"line":256,"column":44}},"98":{"start":{"line":287,"column":4},"end":{"line":287,"column":43}},"99":{"start":{"line":315,"column":4},"end":{"line":315,"column":46}},"100":{"start":{"line":384,"column":4},"end":{"line":396,"column":null}},"101":{"start":{"line":385,"column":6},"end":{"line":385,"column":87}},"102":{"start":{"line":385,"column":15},"end":{"line":385,"column":87}},"103":{"start":{"line":386,"column":45},"end":{"line":386,"column":47}},"104":{"start":{"line":388,"column":6},"end":{"line":395,"column":null}},"105":{"start":{"line":389,"column":8},"end":{"line":389,"column":56}},"106":{"start":{"line":391,"column":8},"end":{"line":391,"column":34}},"107":{"start":{"line":392,"column":8},"end":{"line":392,"column":35}},"108":{"start":{"line":393,"column":8},"end":{"line":393,"column":34}},"109":{"start":{"line":394,"column":8},"end":{"line":394,"column":37}},"110":{"start":{"line":397,"column":4},"end":{"line":401,"column":null}},"111":{"start":{"line":398,"column":6},"end":{"line":398,"column":79}},"112":{"start":{"line":398,"column":14},"end":{"line":398,"column":79}},"113":{"start":{"line":399,"column":36},"end":{"line":399,"column":41}},"114":{"start":{"line":400,"column":6},"end":{"line":400,"column":44}},"115":{"start":{"line":407,"column":4},"end":{"line":407,"column":49}},"116":{"start":{"line":422,"column":16},"end":{"line":422,"column":17}},"117":{"start":{"line":423,"column":21},"end":{"line":423,"column":33}},"118":{"start":{"line":424,"column":36},"end":{"line":424,"column":38}},"119":{"start":{"line":425,"column":4},"end":{"line":429,"column":null}},"120":{"start":{"line":426,"column":6},"end":{"line":426,"column":50}},"121":{"start":{"line":428,"column":6},"end":{"line":428,"column":49}},"122":{"start":{"line":431,"column":4},"end":{"line":433,"column":null}},"123":{"start":{"line":432,"column":6},"end":{"line":432,"column":47}},"124":{"start":{"line":434,"column":4},"end":{"line":434,"column":60}},"125":{"start":{"line":435,"column":25},"end":{"line":452,"column":5}},"126":{"start":{"line":436,"column":6},"end":{"line":451,"column":null}},"127":{"start":{"line":437,"column":8},"end":{"line":437,"column":43}},"128":{"start":{"line":439,"column":8},"end":{"line":450,"column":null}},"129":{"start":{"line":440,"column":10},"end":{"line":444,"column":14}},"130":{"start":{"line":441,"column":12},"end":{"line":444,"column":14}},"131":{"start":{"line":445,"column":34},"end":{"line":445,"column":53}},"132":{"start":{"line":446,"column":10},"end":{"line":446,"column":86}},"133":{"start":{"line":446,"column":19},"end":{"line":446,"column":86}},"134":{"start":{"line":447,"column":10},"end":{"line":447,"column":43}},"135":{"start":{"line":449,"column":10},"end":{"line":449,"column":45}},"136":{"start":{"line":453,"column":4},"end":{"line":453,"column":19}},"137":{"start":{"line":457,"column":4},"end":{"line":465,"column":null}},"138":{"start":{"line":458,"column":6},"end":{"line":458,"column":47}},"139":{"start":{"line":461,"column":8},"end":{"line":463,"column":15}},"140":{"start":{"line":464,"column":6},"end":{"line":464,"column":73}},"141":{"start":{"line":469,"column":4},"end":{"line":469,"column":37}},"142":{"start":{"line":473,"column":16},"end":{"line":473,"column":21}},"143":{"start":{"line":474,"column":4},"end":{"line":474,"column":42}},"144":{"start":{"line":474,"column":29},"end":{"line":474,"column":42}},"145":{"start":{"line":475,"column":4},"end":{"line":482,"column":null}},"146":{"start":{"line":476,"column":6},"end":{"line":481,"column":null}},"147":{"start":{"line":477,"column":8},"end":{"line":477,"column":21}},"148":{"start":{"line":478,"column":9},"end":{"line":478,"column":74}},"149":{"start":{"line":479,"column":9},"end":{"line":479,"column":55}},"150":{"start":{"line":480,"column":8},"end":{"line":480,"column":14}},"151":{"start":{"line":483,"column":4},"end":{"line":483,"column":27}},"152":{"start":{"line":483,"column":15},"end":{"line":483,"column":27}},"153":{"start":{"line":484,"column":4},"end":{"line":484,"column":17}},"154":{"start":{"line":488,"column":4},"end":{"line":489,"column":70}},"155":{"start":{"line":489,"column":6},"end":{"line":489,"column":70}},"156":{"start":{"line":490,"column":4},"end":{"line":491,"column":77}},"157":{"start":{"line":491,"column":6},"end":{"line":491,"column":77}},"158":{"start":{"line":492,"column":4},"end":{"line":492,"column":49}},"159":{"start":{"line":496,"column":4},"end":{"line":527,"column":6}},"160":{"start":{"line":497,"column":31},"end":{"line":497,"column":43}},"161":{"start":{"line":498,"column":36},"end":{"line":498,"column":71}},"162":{"start":{"line":499,"column":29},"end":{"line":499,"column":66}},"163":{"start":{"line":500,"column":6},"end":{"line":526,"column":null}},"164":{"start":{"line":501,"column":28},"end":{"line":501,"column":61}},"165":{"start":{"line":502,"column":25},"end":{"line":502,"column":61}},"166":{"start":{"line":503,"column":8},"end":{"line":522,"column":11}},"167":{"start":{"line":504,"column":10},"end":{"line":506,"column":null}},"168":{"start":{"line":505,"column":12},"end":{"line":505,"column":55}},"169":{"start":{"line":507,"column":10},"end":{"line":509,"column":null}},"170":{"start":{"line":508,"column":12},"end":{"line":508,"column":53}},"171":{"start":{"line":510,"column":10},"end":{"line":513,"column":13}},"172":{"start":{"line":514,"column":29},"end":{"line":514,"column":58}},"173":{"start":{"line":515,"column":10},"end":{"line":515,"column":31}},"174":{"start":{"line":516,"column":10},"end":{"line":518,"column":13}},"175":{"start":{"line":517,"column":12},"end":{"line":517,"column":55}},"176":{"start":{"line":519,"column":10},"end":{"line":521,"column":13}},"177":{"start":{"line":520,"column":12},"end":{"line":520,"column":22}},"178":{"start":{"line":524,"column":8},"end":{"line":524,"column":34}},"179":{"start":{"line":525,"column":9},"end":{"line":525,"column":25}},"180":{"start":{"line":21,"column":0},"end":{"line":21,"column":21}}},"fnMap":{"0":{"name":"(anonymous_0)","decl":{"start":{"line":35,"column":2},"end":{"line":35,"column":14}},"loc":{"start":{"line":35,"column":37},"end":{"line":38,"column":3}}},"1":{"name":"(anonymous_1)","decl":{"start":{"line":44,"column":10},"end":{"line":44,"column":14}},"loc":{"start":{"line":44,"column":42},"end":{"line":68,"column":3}}},"2":{"name":"(anonymous_2)","decl":{"start":{"line":55,"column":41},"end":{"line":55,"column":42}},"loc":{"start":{"line":55,"column":87},"end":{"line":67,"column":5}}},"3":{"name":"(anonymous_3)","decl":{"start":{"line":57,"column":21},"end":{"line":57,"column":22}},"loc":{"start":{"line":57,"column":36},"end":{"line":59,"column":7}}},"4":{"name":"(anonymous_4)","decl":{"start":{"line":60,"column":20},"end":{"line":60,"column":23}},"loc":{"start":{"line":60,"column":25},"end":{"line":62,"column":7}}},"5":{"name":"(anonymous_5)","decl":{"start":{"line":63,"column":22},"end":{"line":63,"column":27}},"loc":{"start":{"line":63,"column":30},"end":{"line":66,"column":7}}},"6":{"name":"(anonymous_6)","decl":{"start":{"line":80,"column":10},"end":{"line":80,"column":22}},"loc":{"start":{"line":80,"column":75},"end":{"line":95,"column":3}}},"7":{"name":"(anonymous_7)","decl":{"start":{"line":107,"column":10},"end":{"line":107,"column":22}},"loc":{"start":{"line":110,"column":18},"end":{"line":169,"column":3}}},"8":{"name":"(anonymous_8)","decl":{"start":{"line":123,"column":25},"end":{"line":123,"column":35}},"loc":{"start":{"line":123,"column":53},"end":{"line":126,"column":5}}},"9":{"name":"(anonymous_9)","decl":{"start":{"line":127,"column":23},"end":{"line":127,"column":33}},"loc":{"start":{"line":127,"column":45},"end":{"line":132,"column":5}}},"10":{"name":"(anonymous_10)","decl":{"start":{"line":134,"column":23},"end":{"line":134,"column":33}},"loc":{"start":{"line":134,"column":45},"end":{"line":139,"column":5}}},"11":{"name":"(anonymous_11)","decl":{"start":{"line":141,"column":23},"end":{"line":141,"column":33}},"loc":{"start":{"line":141,"column":41},"end":{"line":151,"column":5}}},"12":{"name":"(anonymous_12)","decl":{"start":{"line":153,"column":27},"end":{"line":153,"column":37}},"loc":{"start":{"line":153,"column":53},"end":{"line":166,"column":5}}},"13":{"name":"(anonymous_13)","decl":{"start":{"line":158,"column":31},"end":{"line":158,"column":36}},"loc":{"start":{"line":158,"column":39},"end":{"line":162,"column":7}}},"14":{"name":"(anonymous_14)","decl":{"start":{"line":163,"column":26},"end":{"line":163,"column":29}},"loc":{"start":{"line":163,"column":31},"end":{"line":165,"column":7}}},"15":{"name":"(anonymous_15)","decl":{"start":{"line":171,"column":2},"end":{"line":171,"column":35}},"loc":{"start":{"line":171,"column":65},"end":{"line":177,"column":3}}},"16":{"name":"(anonymous_16)","decl":{"start":{"line":185,"column":2},"end":{"line":185,"column":8}},"loc":{"start":{"line":188,"column":24},"end":{"line":204,"column":3}}},"17":{"name":"(anonymous_17)","decl":{"start":{"line":198,"column":68},"end":{"line":198,"column":71}},"loc":{"start":{"line":198,"column":73},"end":{"line":203,"column":5}}},"18":{"name":"(anonymous_18)","decl":{"start":{"line":227,"column":2},"end":{"line":227,"column":5}},"loc":{"start":{"line":227,"column":42},"end":{"line":229,"column":3}}},"19":{"name":"(anonymous_19)","decl":{"start":{"line":255,"column":2},"end":{"line":255,"column":6}},"loc":{"start":{"line":255,"column":43},"end":{"line":257,"column":3}}},"20":{"name":"(anonymous_20)","decl":{"start":{"line":286,"column":2},"end":{"line":286,"column":5}},"loc":{"start":{"line":286,"column":42},"end":{"line":288,"column":3}}},"21":{"name":"(anonymous_21)","decl":{"start":{"line":314,"column":2},"end":{"line":314,"column":8}},"loc":{"start":{"line":314,"column":45},"end":{"line":316,"column":3}}},"22":{"name":"(anonymous_22)","decl":{"start":{"line":383,"column":2},"end":{"line":383,"column":5}},"loc":{"start":{"line":383,"column":85},"end":{"line":402,"column":3}}},"23":{"name":"(anonymous_23)","decl":{"start":{"line":404,"column":2},"end":{"line":404,"column":17}},"loc":{"start":{"line":405,"column":96},"end":{"line":408,"column":3}}},"24":{"name":"(anonymous_24)","decl":{"start":{"line":421,"column":10},"end":{"line":421,"column":23}},"loc":{"start":{"line":421,"column":77},"end":{"line":454,"column":3}}},"25":{"name":"(anonymous_25)","decl":{"start":{"line":435,"column":25},"end":{"line":435,"column":30}},"loc":{"start":{"line":435,"column":47},"end":{"line":452,"column":5}}},"26":{"name":"(anonymous_26)","decl":{"start":{"line":456,"column":10},"end":{"line":456,"column":22}},"loc":{"start":{"line":456,"column":80},"end":{"line":466,"column":3}}},"27":{"name":"(anonymous_27)","decl":{"start":{"line":468,"column":2},"end":{"line":468,"column":15}},"loc":{"start":{"line":468,"column":15},"end":{"line":470,"column":3}}},"28":{"name":"(anonymous_28)","decl":{"start":{"line":472,"column":10},"end":{"line":472,"column":23}},"loc":{"start":{"line":472,"column":55},"end":{"line":485,"column":3}}},"29":{"name":"(anonymous_29)","decl":{"start":{"line":487,"column":2},"end":{"line":487,"column":11}},"loc":{"start":{"line":487,"column":50},"end":{"line":493,"column":3}}},"30":{"name":"(anonymous_30)","decl":{"start":{"line":495,"column":10},"end":{"line":495,"column":29}},"loc":{"start":{"line":495,"column":29},"end":{"line":528,"column":3}}},"31":{"name":"(anonymous_31)","decl":{"start":{"line":496,"column":11},"end":{"line":496,"column":12}},"loc":{"start":{"line":496,"column":51},"end":{"line":527,"column":5}}},"32":{"name":"(anonymous_32)","decl":{"start":{"line":503,"column":26},"end":{"line":503,"column":27}},"loc":{"start":{"line":503,"column":43},"end":{"line":522,"column":9}}},"33":{"name":"(anonymous_33)","decl":{"start":{"line":516,"column":35},"end":{"line":516,"column":40}},"loc":{"start":{"line":516,"column":43},"end":{"line":518,"column":11}}},"34":{"name":"(anonymous_34)","decl":{"start":{"line":519,"column":33},"end":{"line":519,"column":36}},"loc":{"start":{"line":519,"column":38},"end":{"line":521,"column":11}}}},"branchMap":{"0":{"loc":{"start":{"line":44,"column":15},"end":{"line":44,"column":42}},"type":"default-arg","locations":[{"start":{"line":44,"column":40},"end":{"line":44,"column":42}}]},"1":{"loc":{"start":{"line":83,"column":4},"end":{"line":94,"column":null}},"type":"if","locations":[{"start":{"line":83,"column":4},"end":{"line":94,"column":null}},{"start":{"line":85,"column":11},"end":{"line":94,"column":null}}]},"2":{"loc":{"start":{"line":85,"column":11},"end":{"line":94,"column":null}},"type":"if","locations":[{"start":{"line":85,"column":11},"end":{"line":94,"column":null}},{"start":{"line":87,"column":11},"end":{"line":94,"column":null}}]},"3":{"loc":{"start":{"line":87,"column":11},"end":{"line":94,"column":null}},"type":"if","locations":[{"start":{"line":87,"column":11},"end":{"line":94,"column":null}},{"start":{"line":89,"column":11},"end":{"line":94,"column":null}}]},"4":{"loc":{"start":{"line":89,"column":11},"end":{"line":94,"column":null}},"type":"if","locations":[{"start":{"line":89,"column":11},"end":{"line":94,"column":null}},{"start":{"line":91,"column":11},"end":{"line":94,"column":null}}]},"5":{"loc":{"start":{"line":110,"column":4},"end":{"line":110,"column":18}},"type":"default-arg","locations":[{"start":{"line":110,"column":16},"end":{"line":110,"column":18}}]},"6":{"loc":{"start":{"line":146,"column":35},"end":{"line":146,"column":45}},"type":"cond-expr","locations":[{"start":{"line":146,"column":36},"end":{"line":146,"column":38}},{"start":{"line":146,"column":35},"end":{"line":146,"column":45}}]},"7":{"loc":{"start":{"line":146,"column":35},"end":{"line":146,"column":38}},"type":"binary-expr","locations":[{"start":{"line":146,"column":35},"end":{"line":146,"column":38}},{"start":{"line":146,"column":35},"end":{"line":146,"column":38}}]},"8":{"loc":{"start":{"line":174,"column":4},"end":{"line":176,"column":null}},"type":"if","locations":[{"start":{"line":174,"column":4},"end":{"line":176,"column":null}}]},"9":{"loc":{"start":{"line":174,"column":8},"end":{"line":174,"column":62}},"type":"binary-expr","locations":[{"start":{"line":174,"column":8},"end":{"line":174,"column":18}},{"start":{"line":174,"column":22},"end":{"line":174,"column":62}}]},"10":{"loc":{"start":{"line":186,"column":4},"end":{"line":186,"column":15}},"type":"default-arg","locations":[{"start":{"line":186,"column":11},"end":{"line":186,"column":15}}]},"11":{"loc":{"start":{"line":192,"column":4},"end":{"line":196,"column":null}},"type":"if","locations":[{"start":{"line":192,"column":4},"end":{"line":196,"column":null}},{"start":{"line":194,"column":11},"end":{"line":196,"column":null}}]},"12":{"loc":{"start":{"line":198,"column":4},"end":{"line":203,"column":26}},"type":"cond-expr","locations":[{"start":{"line":198,"column":19},"end":{"line":198,"column":21}},{"start":{"line":198,"column":19},"end":{"line":203,"column":26}}]},"13":{"loc":{"start":{"line":198,"column":4},"end":{"line":198,"column":21}},"type":"binary-expr","locations":[{"start":{"line":198,"column":4},"end":{"line":198,"column":21}},{"start":{"line":198,"column":19},"end":{"line":198,"column":21}}]},"14":{"loc":{"start":{"line":199,"column":6},"end":{"line":202,"column":null}},"type":"if","locations":[{"start":{"line":199,"column":6},"end":{"line":202,"column":null}}]},"15":{"loc":{"start":{"line":201,"column":11},"end":{"line":201,"column":37}},"type":"cond-expr","locations":[{"start":{"line":201,"column":26},"end":{"line":201,"column":28}},{"start":{"line":201,"column":26},"end":{"line":201,"column":37}}]},"16":{"loc":{"start":{"line":201,"column":11},"end":{"line":201,"column":28}},"type":"binary-expr","locations":[{"start":{"line":201,"column":11},"end":{"line":201,"column":28}},{"start":{"line":201,"column":26},"end":{"line":201,"column":28}}]},"17":{"loc":{"start":{"line":383,"column":35},"end":{"line":383,"column":85}},"type":"default-arg","locations":[{"start":{"line":383,"column":81},"end":{"line":383,"column":85}}]},"18":{"loc":{"start":{"line":384,"column":4},"end":{"line":396,"column":null}},"type":"if","locations":[{"start":{"line":384,"column":4},"end":{"line":396,"column":null}}]},"19":{"loc":{"start":{"line":385,"column":6},"end":{"line":385,"column":87}},"type":"if","locations":[{"start":{"line":385,"column":6},"end":{"line":385,"column":87}}]},"20":{"loc":{"start":{"line":388,"column":6},"end":{"line":395,"column":null}},"type":"if","locations":[{"start":{"line":388,"column":6},"end":{"line":395,"column":null}},{"start":{"line":390,"column":13},"end":{"line":395,"column":null}}]},"21":{"loc":{"start":{"line":397,"column":4},"end":{"line":401,"column":null}},"type":"if","locations":[{"start":{"line":397,"column":4},"end":{"line":401,"column":null}}]},"22":{"loc":{"start":{"line":398,"column":6},"end":{"line":398,"column":79}},"type":"if","locations":[{"start":{"line":398,"column":6},"end":{"line":398,"column":79}}]},"23":{"loc":{"start":{"line":425,"column":4},"end":{"line":429,"column":null}},"type":"if","locations":[{"start":{"line":425,"column":4},"end":{"line":429,"column":null}},{"start":{"line":427,"column":11},"end":{"line":429,"column":null}}]},"24":{"loc":{"start":{"line":431,"column":4},"end":{"line":433,"column":null}},"type":"if","locations":[{"start":{"line":431,"column":4},"end":{"line":433,"column":null}}]},"25":{"loc":{"start":{"line":436,"column":6},"end":{"line":451,"column":null}},"type":"if","locations":[{"start":{"line":436,"column":6},"end":{"line":451,"column":null}},{"start":{"line":438,"column":13},"end":{"line":451,"column":null}}]},"26":{"loc":{"start":{"line":440,"column":10},"end":{"line":444,"column":14}},"type":"if","locations":[{"start":{"line":440,"column":10},"end":{"line":444,"column":14}}]},"27":{"loc":{"start":{"line":446,"column":10},"end":{"line":446,"column":86}},"type":"if","locations":[{"start":{"line":446,"column":10},"end":{"line":446,"column":86}}]},"28":{"loc":{"start":{"line":457,"column":4},"end":{"line":465,"column":null}},"type":"if","locations":[{"start":{"line":457,"column":4},"end":{"line":465,"column":null}},{"start":{"line":459,"column":11},"end":{"line":465,"column":null}}]},"29":{"loc":{"start":{"line":461,"column":8},"end":{"line":463,"column":15}},"type":"cond-expr","locations":[{"start":{"line":462,"column":13},"end":{"line":462,"column":32}},{"start":{"line":463,"column":12},"end":{"line":463,"column":15}}]},"30":{"loc":{"start":{"line":461,"column":8},"end":{"line":461,"column":71}},"type":"binary-expr","locations":[{"start":{"line":461,"column":9},"end":{"line":461,"column":28}},{"start":{"line":461,"column":32},"end":{"line":461,"column":71}}]},"31":{"loc":{"start":{"line":461,"column":9},"end":{"line":461,"column":28}},"type":"cond-expr","locations":[{"start":{"line":461,"column":14},"end":{"line":461,"column":22}},{"start":{"line":461,"column":9},"end":{"line":461,"column":28}}]},"32":{"loc":{"start":{"line":461,"column":9},"end":{"line":461,"column":22}},"type":"binary-expr","locations":[{"start":{"line":461,"column":9},"end":{"line":461,"column":24}},{"start":{"line":461,"column":9},"end":{"line":461,"column":22}}]},"33":{"loc":{"start":{"line":461,"column":40},"end":{"line":461,"column":59}},"type":"cond-expr","locations":[{"start":{"line":461,"column":45},"end":{"line":461,"column":53}},{"start":{"line":461,"column":40},"end":{"line":461,"column":59}}]},"34":{"loc":{"start":{"line":461,"column":40},"end":{"line":461,"column":53}},"type":"binary-expr","locations":[{"start":{"line":461,"column":40},"end":{"line":461,"column":55}},{"start":{"line":461,"column":40},"end":{"line":461,"column":53}}]},"35":{"loc":{"start":{"line":462,"column":13},"end":{"line":462,"column":32}},"type":"cond-expr","locations":[{"start":{"line":462,"column":18},"end":{"line":462,"column":26}},{"start":{"line":462,"column":13},"end":{"line":462,"column":32}}]},"36":{"loc":{"start":{"line":462,"column":13},"end":{"line":462,"column":26}},"type":"binary-expr","locations":[{"start":{"line":462,"column":13},"end":{"line":462,"column":28}},{"start":{"line":462,"column":13},"end":{"line":462,"column":26}}]},"37":{"loc":{"start":{"line":464,"column":28},"end":{"line":464,"column":71}},"type":"binary-expr","locations":[{"start":{"line":464,"column":28},"end":{"line":464,"column":42}},{"start":{"line":464,"column":47},"end":{"line":464,"column":60}},{"start":{"line":464,"column":64},"end":{"line":464,"column":71}}]},"38":{"loc":{"start":{"line":464,"column":28},"end":{"line":464,"column":42}},"type":"cond-expr","locations":[{"start":{"line":464,"column":33},"end":{"line":464,"column":35}},{"start":{"line":464,"column":28},"end":{"line":464,"column":42}}]},"39":{"loc":{"start":{"line":464,"column":28},"end":{"line":464,"column":35}},"type":"binary-expr","locations":[{"start":{"line":464,"column":28},"end":{"line":464,"column":35}},{"start":{"line":464,"column":28},"end":{"line":464,"column":35}}]},"40":{"loc":{"start":{"line":474,"column":4},"end":{"line":474,"column":42}},"type":"if","locations":[{"start":{"line":474,"column":4},"end":{"line":474,"column":42}}]},"41":{"loc":{"start":{"line":476,"column":6},"end":{"line":481,"column":null}},"type":"if","locations":[{"start":{"line":476,"column":6},"end":{"line":481,"column":null}}]},"42":{"loc":{"start":{"line":483,"column":4},"end":{"line":483,"column":27}},"type":"if","locations":[{"start":{"line":483,"column":4},"end":{"line":483,"column":27}}]},"43":{"loc":{"start":{"line":488,"column":4},"end":{"line":489,"column":70}},"type":"if","locations":[{"start":{"line":488,"column":4},"end":{"line":489,"column":70}}]},"44":{"loc":{"start":{"line":490,"column":4},"end":{"line":491,"column":77}},"type":"if","locations":[{"start":{"line":490,"column":4},"end":{"line":491,"column":77}}]},"45":{"loc":{"start":{"line":501,"column":28},"end":{"line":501,"column":61}},"type":"cond-expr","locations":[{"start":{"line":501,"column":49},"end":{"line":501,"column":52}},{"start":{"line":501,"column":49},"end":{"line":501,"column":61}}]},"46":{"loc":{"start":{"line":501,"column":28},"end":{"line":501,"column":52}},"type":"binary-expr","locations":[{"start":{"line":501,"column":28},"end":{"line":501,"column":52}},{"start":{"line":501,"column":49},"end":{"line":501,"column":52}}]},"47":{"loc":{"start":{"line":504,"column":10},"end":{"line":506,"column":null}},"type":"if","locations":[{"start":{"line":504,"column":10},"end":{"line":506,"column":null}}]},"48":{"loc":{"start":{"line":507,"column":10},"end":{"line":509,"column":null}},"type":"if","locations":[{"start":{"line":507,"column":10},"end":{"line":509,"column":null}}]}},"s":{"0":4,"1":4,"2":4,"3":4,"4":4,"5":4,"6":4,"7":4,"8":20,"9":20,"10":20,"11":20,"12":20,"13":20,"14":20,"15":20,"16":20,"17":20,"18":20,"19":20,"20":20,"21":0,"22":0,"23":0,"24":0,"25":0,"26":0,"27":0,"28":0,"29":25,"30":25,"31":25,"32":19,"33":6,"34":4,"35":2,"36":1,"37":1,"38":1,"39":0,"40":0,"41":26,"42":26,"43":26,"44":26,"45":26,"46":26,"47":26,"48":26,"49":26,"50":26,"51":7,"52":7,"53":26,"54":5,"55":5,"56":5,"57":5,"58":26,"59":0,"60":0,"61":0,"62":0,"63":26,"64":3,"65":3,"66":3,"67":2,"68":1,"69":1,"70":1,"71":26,"72":0,"73":0,"74":0,"75":0,"76":0,"77":0,"78":0,"79":0,"80":0,"81":0,"82":26,"83":25,"84":25,"85":25,"86":0,"87":0,"88":0,"89":0,"90":0,"91":0,"92":0,"93":0,"94":0,"95":0,"96":26,"97":10,"98":8,"99":5,"100":10,"101":6,"102":0,"103":6,"104":6,"105":2,"106":4,"107":4,"108":4,"109":4,"110":10,"111":4,"112":0,"113":4,"114":4,"115":4,"116":30,"117":30,"118":30,"119":30,"120":0,"121":30,"122":30,"123":3,"124":27,"125":27,"126":49,"127":1,"128":48,"129":48,"130":2,"131":46,"132":46,"133":0,"134":46,"135":10,"136":27,"137":11,"138":9,"139":2,"140":2,"141":7,"142":30,"143":30,"144":8,"145":22,"146":0,"147":0,"148":0,"149":0,"150":0,"151":22,"152":0,"153":22,"154":0,"155":0,"156":0,"157":0,"158":0,"159":0,"160":0,"161":0,"162":0,"163":0,"164":0,"165":0,"166":0,"167":0,"168":0,"169":0,"170":0,"171":0,"172":0,"173":0,"174":0,"175":0,"176":0,"177":0,"178":0,"179":0,"180":4},"f":{"0":20,"1":20,"2":0,"3":0,"4":0,"5":0,"6":25,"7":26,"8":7,"9":5,"10":0,"11":3,"12":0,"13":0,"14":0,"15":25,"16":0,"17":0,"18":26,"19":10,"20":8,"21":5,"22":10,"23":4,"24":30,"25":49,"26":11,"27":7,"28":30,"29":0,"30":0,"31":0,"32":0,"33":0,"34":0},"b":{"0":[20],"1":[19,6],"2":[4,2],"3":[1,1],"4":[1,0],"5":[0],"6":[0,2],"7":[2,2],"8":[0],"9":[25,0],"10":[0],"11":[0,0],"12":[0,0],"13":[0,0],"14":[0],"15":[0,0],"16":[0,0],"17":[4],"18":[6],"19":[0],"20":[2,4],"21":[4],"22":[0],"23":[0,30],"24":[3],"25":[1,48],"26":[2],"27":[0],"28":[9,2],"29":[2,0],"30":[2,2],"31":[0,2],"32":[2,2],"33":[0,2],"34":[2,2],"35":[0,2],"36":[2,2],"37":[2,0,0],"38":[0,2],"39":[2,2],"40":[8],"41":[0],"42":[0],"43":[0],"44":[0],"45":[0,0],"46":[0,0],"47":[0],"48":[0]}}
,"/mnt/DATA/01-WORK/LIBRARIES/NODEJS/mini-express-server/lib/Router.ts": {"path":"/mnt/DATA/01-WORK/LIBRARIES/NODEJS/mini-express-server/lib/Router.ts","statementMap":{"0":{"start":{"line":5,"column":10},"end":{"line":5,"column":88}},"1":{"start":{"line":6,"column":10},"end":{"line":6,"column":89}},"2":{"start":{"line":7,"column":10},"end":{"line":7,"column":88}},"3":{"start":{"line":8,"column":10},"end":{"line":8,"column":91}},"4":{"start":{"line":11,"column":4},"end":{"line":11,"column":81}},"5":{"start":{"line":11,"column":32},"end":{"line":11,"column":81}},"6":{"start":{"line":12,"column":36},"end":{"line":12,"column":72}},"7":{"start":{"line":13,"column":4},"end":{"line":13,"column":26}},"8":{"start":{"line":14,"column":4},"end":{"line":14,"column":45}},"9":{"start":{"line":18,"column":4},"end":{"line":18,"column":81}},"10":{"start":{"line":18,"column":32},"end":{"line":18,"column":81}},"11":{"start":{"line":19,"column":36},"end":{"line":19,"column":73}},"12":{"start":{"line":20,"column":4},"end":{"line":20,"column":26}},"13":{"start":{"line":21,"column":4},"end":{"line":21,"column":46}},"14":{"start":{"line":25,"column":4},"end":{"line":25,"column":81}},"15":{"start":{"line":25,"column":32},"end":{"line":25,"column":81}},"16":{"start":{"line":26,"column":36},"end":{"line":26,"column":72}},"17":{"start":{"line":27,"column":4},"end":{"line":27,"column":26}},"18":{"start":{"line":28,"column":4},"end":{"line":28,"column":45}},"19":{"start":{"line":32,"column":4},"end":{"line":32,"column":81}},"20":{"start":{"line":32,"column":32},"end":{"line":32,"column":81}},"21":{"start":{"line":33,"column":36},"end":{"line":33,"column":75}},"22":{"start":{"line":34,"column":4},"end":{"line":34,"column":26}},"23":{"start":{"line":35,"column":4},"end":{"line":35,"column":48}},"24":{"start":{"line":39,"column":4},"end":{"line":65,"column":null}},"25":{"start":{"line":40,"column":6},"end":{"line":42,"column":null}},"26":{"start":{"line":40,"column":19},"end":{"line":40,"column":20}},"27":{"start":{"line":41,"column":8},"end":{"line":41,"column":93}},"28":{"start":{"line":41,"column":42},"end":{"line":41,"column":93}},"29":{"start":{"line":43,"column":28},"end":{"line":43,"column":35}},"30":{"start":{"line":44,"column":18},"end":{"line":44,"column":31}},"31":{"start":{"line":45,"column":6},"end":{"line":45,"column":30}},"32":{"start":{"line":46,"column":6},"end":{"line":46,"column":31}},"33":{"start":{"line":47,"column":6},"end":{"line":47,"column":30}},"34":{"start":{"line":48,"column":6},"end":{"line":48,"column":33}},"35":{"start":{"line":50,"column":6},"end":{"line":52,"column":null}},"36":{"start":{"line":50,"column":19},"end":{"line":50,"column":20}},"37":{"start":{"line":51,"column":8},"end":{"line":51,"column":93}},"38":{"start":{"line":51,"column":42},"end":{"line":51,"column":93}},"39":{"start":{"line":53,"column":6},"end":{"line":55,"column":null}},"40":{"start":{"line":54,"column":8},"end":{"line":54,"column":52}},"41":{"start":{"line":56,"column":6},"end":{"line":58,"column":null}},"42":{"start":{"line":57,"column":8},"end":{"line":57,"column":53}},"43":{"start":{"line":59,"column":6},"end":{"line":61,"column":null}},"44":{"start":{"line":60,"column":8},"end":{"line":60,"column":52}},"45":{"start":{"line":62,"column":6},"end":{"line":64,"column":null}},"46":{"start":{"line":63,"column":8},"end":{"line":63,"column":55}},"47":{"start":{"line":69,"column":4},"end":{"line":73,"column":null}},"48":{"start":{"line":70,"column":23},"end":{"line":70,"column":47}},"49":{"start":{"line":71,"column":33},"end":{"line":71,"column":74}},"50":{"start":{"line":72,"column":6},"end":{"line":72,"column":38}},"51":{"start":{"line":74,"column":4},"end":{"line":78,"column":null}},"52":{"start":{"line":75,"column":23},"end":{"line":75,"column":47}},"53":{"start":{"line":76,"column":33},"end":{"line":76,"column":75}},"54":{"start":{"line":77,"column":6},"end":{"line":77,"column":39}},"55":{"start":{"line":79,"column":4},"end":{"line":83,"column":null}},"56":{"start":{"line":80,"column":23},"end":{"line":80,"column":47}},"57":{"start":{"line":81,"column":33},"end":{"line":81,"column":74}},"58":{"start":{"line":82,"column":6},"end":{"line":82,"column":38}},"59":{"start":{"line":84,"column":4},"end":{"line":88,"column":null}},"60":{"start":{"line":85,"column":23},"end":{"line":85,"column":47}},"61":{"start":{"line":86,"column":33},"end":{"line":86,"column":77}},"62":{"start":{"line":87,"column":6},"end":{"line":87,"column":41}},"63":{"start":{"line":4,"column":0},"end":{"line":4,"column":21}}},"fnMap":{"0":{"name":"(anonymous_0)","decl":{"start":{"line":4,"column":0},"end":{"line":4,"column":21}},"loc":{"start":{"line":4,"column":0},"end":{"line":90,"column":1}}},"1":{"name":"(anonymous_1)","decl":{"start":{"line":10,"column":2},"end":{"line":10,"column":5}},"loc":{"start":{"line":10,"column":42},"end":{"line":15,"column":3}}},"2":{"name":"(anonymous_2)","decl":{"start":{"line":17,"column":2},"end":{"line":17,"column":6}},"loc":{"start":{"line":17,"column":43},"end":{"line":22,"column":3}}},"3":{"name":"(anonymous_3)","decl":{"start":{"line":24,"column":2},"end":{"line":24,"column":5}},"loc":{"start":{"line":24,"column":42},"end":{"line":29,"column":3}}},"4":{"name":"(anonymous_4)","decl":{"start":{"line":31,"column":2},"end":{"line":31,"column":8}},"loc":{"start":{"line":31,"column":45},"end":{"line":36,"column":3}}},"5":{"name":"(anonymous_5)","decl":{"start":{"line":38,"column":2},"end":{"line":38,"column":5}},"loc":{"start":{"line":38,"column":20},"end":{"line":66,"column":3}}},"6":{"name":"(anonymous_6)","decl":{"start":{"line":68,"column":2},"end":{"line":68,"column":27}},"loc":{"start":{"line":68,"column":63},"end":{"line":89,"column":3}}}},"branchMap":{"0":{"loc":{"start":{"line":11,"column":4},"end":{"line":11,"column":81}},"type":"if","locations":[{"start":{"line":11,"column":4},"end":{"line":11,"column":81}}]},"1":{"loc":{"start":{"line":12,"column":36},"end":{"line":12,"column":72}},"type":"binary-expr","locations":[{"start":{"line":12,"column":36},"end":{"line":12,"column":66}},{"start":{"line":12,"column":70},"end":{"line":12,"column":72}}]},"2":{"loc":{"start":{"line":18,"column":4},"end":{"line":18,"column":81}},"type":"if","locations":[{"start":{"line":18,"column":4},"end":{"line":18,"column":81}}]},"3":{"loc":{"start":{"line":19,"column":36},"end":{"line":19,"column":73}},"type":"binary-expr","locations":[{"start":{"line":19,"column":36},"end":{"line":19,"column":67}},{"start":{"line":19,"column":71},"end":{"line":19,"column":73}}]},"4":{"loc":{"start":{"line":25,"column":4},"end":{"line":25,"column":81}},"type":"if","locations":[{"start":{"line":25,"column":4},"end":{"line":25,"column":81}}]},"5":{"loc":{"start":{"line":26,"column":36},"end":{"line":26,"column":72}},"type":"binary-expr","locations":[{"start":{"line":26,"column":36},"end":{"line":26,"column":66}},{"start":{"line":26,"column":70},"end":{"line":26,"column":72}}]},"6":{"loc":{"start":{"line":32,"column":4},"end":{"line":32,"column":81}},"type":"if","locations":[{"start":{"line":32,"column":4},"end":{"line":32,"column":81}}]},"7":{"loc":{"start":{"line":33,"column":36},"end":{"line":33,"column":75}},"type":"binary-expr","locations":[{"start":{"line":33,"column":36},"end":{"line":33,"column":69}},{"start":{"line":33,"column":73},"end":{"line":33,"column":75}}]},"8":{"loc":{"start":{"line":39,"column":4},"end":{"line":65,"column":null}},"type":"if","locations":[{"start":{"line":39,"column":4},"end":{"line":65,"column":null}},{"start":{"line":49,"column":11},"end":{"line":65,"column":null}}]},"9":{"loc":{"start":{"line":41,"column":8},"end":{"line":41,"column":93}},"type":"if","locations":[{"start":{"line":41,"column":8},"end":{"line":41,"column":93}}]},"10":{"loc":{"start":{"line":51,"column":8},"end":{"line":51,"column":93}},"type":"if","locations":[{"start":{"line":51,"column":8},"end":{"line":51,"column":93}}]},"11":{"loc":{"start":{"line":54,"column":8},"end":{"line":54,"column":51}},"type":"cond-expr","locations":[{"start":{"line":54,"column":36},"end":{"line":54,"column":38}},{"start":{"line":54,"column":36},"end":{"line":54,"column":51}}]},"12":{"loc":{"start":{"line":54,"column":8},"end":{"line":54,"column":38}},"type":"binary-expr","locations":[{"start":{"line":54,"column":8},"end":{"line":54,"column":38}},{"start":{"line":54,"column":36},"end":{"line":54,"column":38}}]},"13":{"loc":{"start":{"line":57,"column":8},"end":{"line":57,"column":52}},"type":"cond-expr","locations":[{"start":{"line":57,"column":37},"end":{"line":57,"column":39}},{"start":{"line":57,"column":37},"end":{"line":57,"column":52}}]},"14":{"loc":{"start":{"line":57,"column":8},"end":{"line":57,"column":39}},"type":"binary-expr","locations":[{"start":{"line":57,"column":8},"end":{"line":57,"column":39}},{"start":{"line":57,"column":37},"end":{"line":57,"column":39}}]},"15":{"loc":{"start":{"line":60,"column":8},"end":{"line":60,"column":51}},"type":"cond-expr","locations":[{"start":{"line":60,"column":36},"end":{"line":60,"column":38}},{"start":{"line":60,"column":36},"end":{"line":60,"column":51}}]},"16":{"loc":{"start":{"line":60,"column":8},"end":{"line":60,"column":38}},"type":"binary-expr","locations":[{"start":{"line":60,"column":8},"end":{"line":60,"column":38}},{"start":{"line":60,"column":36},"end":{"line":60,"column":38}}]},"17":{"loc":{"start":{"line":63,"column":8},"end":{"line":63,"column":54}},"type":"cond-expr","locations":[{"start":{"line":63,"column":39},"end":{"line":63,"column":41}},{"start":{"line":63,"column":39},"end":{"line":63,"column":54}}]},"18":{"loc":{"start":{"line":63,"column":8},"end":{"line":63,"column":41}},"type":"binary-expr","locations":[{"start":{"line":63,"column":8},"end":{"line":63,"column":41}},{"start":{"line":63,"column":39},"end":{"line":63,"column":41}}]},"19":{"loc":{"start":{"line":71,"column":33},"end":{"line":71,"column":74}},"type":"binary-expr","locations":[{"start":{"line":71,"column":33},"end":{"line":71,"column":68}},{"start":{"line":71,"column":72},"end":{"line":71,"column":74}}]},"20":{"loc":{"start":{"line":76,"column":33},"end":{"line":76,"column":75}},"type":"binary-expr","locations":[{"start":{"line":76,"column":33},"end":{"line":76,"column":69}},{"start":{"line":76,"column":73},"end":{"line":76,"column":75}}]},"21":{"loc":{"start":{"line":81,"column":33},"end":{"line":81,"column":74}},"type":"binary-expr","locations":[{"start":{"line":81,"column":33},"end":{"line":81,"column":68}},{"start":{"line":81,"column":72},"end":{"line":81,"column":74}}]},"22":{"loc":{"start":{"line":86,"column":33},"end":{"line":86,"column":77}},"type":"binary-expr","locations":[{"start":{"line":86,"column":33},"end":{"line":86,"column":71}},{"start":{"line":86,"column":75},"end":{"line":86,"column":77}}]}},"s":{"0":2,"1":2,"2":2,"3":2,"4":4,"5":0,"6":4,"7":4,"8":4,"9":2,"10":0,"11":2,"12":2,"13":2,"14":2,"15":0,"16":2,"17":2,"18":2,"19":0,"20":0,"21":0,"22":0,"23":0,"24":0,"25":0,"26":0,"27":0,"28":0,"29":0,"30":0,"31":0,"32":0,"33":0,"34":0,"35":0,"36":0,"37":0,"38":0,"39":0,"40":0,"41":0,"42":0,"43":0,"44":0,"45":0,"46":0,"47":2,"48":4,"49":4,"50":4,"51":2,"52":2,"53":2,"54":2,"55":2,"56":2,"57":2,"58":2,"59":2,"60":0,"61":0,"62":0,"63":4},"f":{"0":2,"1":4,"2":2,"3":2,"4":0,"5":0,"6":2},"b":{"0":[0],"1":[4,4],"2":[0],"3":[2,2],"4":[0],"5":[2,2],"6":[0],"7":[0,0],"8":[0,0],"9":[0],"10":[0],"11":[0,0],"12":[0,0],"13":[0,0],"14":[0,0],"15":[0,0],"16":[0,0],"17":[0,0],"18":[0,0],"19":[4,0],"20":[2,0],"21":[2,0],"22":[0,0]}}
,"/mnt/DATA/01-WORK/LIBRARIES/NODEJS/mini-express-server/lib/RoutesTrie.ts": {"path":"/mnt/DATA/01-WORK/LIBRARIES/NODEJS/mini-express-server/lib/RoutesTrie.ts","statementMap":{"0":{"start":{"line":9,"column":2},"end":{"line":9,"column":44}},"1":{"start":{"line":11,"column":18},"end":{"line":11,"column":55}},"2":{"start":{"line":11,"column":47},"end":{"line":11,"column":54}},"3":{"start":{"line":12,"column":32},"end":{"line":12,"column":41}},"4":{"start":{"line":13,"column":4},"end":{"line":19,"column":null}},"5":{"start":{"line":14,"column":6},"end":{"line":17,"column":null}},"6":{"start":{"line":15,"column":37},"end":{"line":15,"column":55}},"7":{"start":{"line":16,"column":8},"end":{"line":16,"column":27}},"8":{"start":{"line":18,"column":6},"end":{"line":18,"column":26}},"9":{"start":{"line":20,"column":4},"end":{"line":20,"column":25}},"10":{"start":{"line":21,"column":36},"end":{"line":21,"column":51}},"11":{"start":{"line":22,"column":4},"end":{"line":22,"column":26}},"12":{"start":{"line":23,"column":4},"end":{"line":23,"column":25}},"13":{"start":{"line":26,"column":18},"end":{"line":26,"column":55}},"14":{"start":{"line":26,"column":47},"end":{"line":26,"column":54}},"15":{"start":{"line":27,"column":32},"end":{"line":27,"column":41}},"16":{"start":{"line":28,"column":4},"end":{"line":33,"column":null}},"17":{"start":{"line":29,"column":6},"end":{"line":31,"column":null}},"18":{"start":{"line":30,"column":8},"end":{"line":30,"column":21}},"19":{"start":{"line":32,"column":6},"end":{"line":32,"column":26}},"20":{"start":{"line":34,"column":4},"end":{"line":34,"column":25}},"21":{"start":{"line":38,"column":46},"end":{"line":38,"column":63}},"22":{"start":{"line":39,"column":18},"end":{"line":39,"column":55}},"23":{"start":{"line":39,"column":47},"end":{"line":39,"column":54}},"24":{"start":{"line":40,"column":32},"end":{"line":40,"column":41}},"25":{"start":{"line":41,"column":4},"end":{"line":59,"column":null}},"26":{"start":{"line":42,"column":33},"end":{"line":42,"column":37}},"27":{"start":{"line":43,"column":6},"end":{"line":56,"column":null}},"28":{"start":{"line":44,"column":8},"end":{"line":44,"column":55}},"29":{"start":{"line":44,"column":46},"end":{"line":44,"column":55}},"30":{"start":{"line":45,"column":8},"end":{"line":55,"column":null}},"31":{"start":{"line":46,"column":24},"end":{"line":46,"column":41}},"32":{"start":{"line":47,"column":10},"end":{"line":47,"column":31}},"33":{"start":{"line":48,"column":10},"end":{"line":48,"column":22}},"34":{"start":{"line":49,"column":10},"end":{"line":49,"column":16}},"35":{"start":{"line":51,"column":10},"end":{"line":54,"column":null}},"36":{"start":{"line":52,"column":12},"end":{"line":52,"column":24}},"37":{"start":{"line":53,"column":12},"end":{"line":53,"column":18}},"38":{"start":{"line":57,"column":6},"end":{"line":57,"column":28}},"39":{"start":{"line":57,"column":18},"end":{"line":57,"column":28}},"40":{"start":{"line":58,"column":6},"end":{"line":58,"column":27}},"41":{"start":{"line":60,"column":4},"end":{"line":60,"column":34}},"42":{"start":{"line":60,"column":24},"end":{"line":60,"column":34}},"43":{"start":{"line":61,"column":4},"end":{"line":61,"column":24}},"44":{"start":{"line":62,"column":4},"end":{"line":62,"column":38}},"45":{"start":{"line":8,"column":0},"end":{"line":8,"column":13}}},"fnMap":{"0":{"name":"(anonymous_0)","decl":{"start":{"line":8,"column":0},"end":{"line":8,"column":13}},"loc":{"start":{"line":8,"column":0},"end":{"line":64,"column":1}}},"1":{"name":"(anonymous_1)","decl":{"start":{"line":10,"column":2},"end":{"line":10,"column":5}},"loc":{"start":{"line":10,"column":42},"end":{"line":24,"column":3}}},"2":{"name":"(anonymous_2)","decl":{"start":{"line":11,"column":42},"end":{"line":11,"column":43}},"loc":{"start":{"line":11,"column":47},"end":{"line":11,"column":54}}},"3":{"name":"(anonymous_3)","decl":{"start":{"line":25,"column":2},"end":{"line":25,"column":5}},"loc":{"start":{"line":25,"column":19},"end":{"line":35,"column":3}}},"4":{"name":"(anonymous_4)","decl":{"start":{"line":26,"column":42},"end":{"line":26,"column":43}},"loc":{"start":{"line":26,"column":47},"end":{"line":26,"column":54}}},"5":{"name":"(anonymous_5)","decl":{"start":{"line":37,"column":2},"end":{"line":37,"column":5}},"loc":{"start":{"line":37,"column":34},"end":{"line":63,"column":3}}},"6":{"name":"(anonymous_6)","decl":{"start":{"line":39,"column":42},"end":{"line":39,"column":43}},"loc":{"start":{"line":39,"column":47},"end":{"line":39,"column":54}}}},"branchMap":{"0":{"loc":{"start":{"line":14,"column":6},"end":{"line":17,"column":null}},"type":"if","locations":[{"start":{"line":14,"column":6},"end":{"line":17,"column":null}}]},"1":{"loc":{"start":{"line":21,"column":36},"end":{"line":21,"column":51}},"type":"binary-expr","locations":[{"start":{"line":21,"column":36},"end":{"line":21,"column":45}},{"start":{"line":21,"column":49},"end":{"line":21,"column":51}}]},"2":{"loc":{"start":{"line":29,"column":6},"end":{"line":31,"column":null}},"type":"if","locations":[{"start":{"line":29,"column":6},"end":{"line":31,"column":null}}]},"3":{"loc":{"start":{"line":44,"column":8},"end":{"line":44,"column":55}},"type":"if","locations":[{"start":{"line":44,"column":8},"end":{"line":44,"column":55}}]},"4":{"loc":{"start":{"line":44,"column":12},"end":{"line":44,"column":44}},"type":"binary-expr","locations":[{"start":{"line":44,"column":12},"end":{"line":44,"column":28}},{"start":{"line":44,"column":32},"end":{"line":44,"column":44}}]},"5":{"loc":{"start":{"line":45,"column":8},"end":{"line":55,"column":null}},"type":"if","locations":[{"start":{"line":45,"column":8},"end":{"line":55,"column":null}},{"start":{"line":50,"column":15},"end":{"line":55,"column":null}}]},"6":{"loc":{"start":{"line":51,"column":10},"end":{"line":54,"column":null}},"type":"if","locations":[{"start":{"line":51,"column":10},"end":{"line":54,"column":null}}]},"7":{"loc":{"start":{"line":57,"column":6},"end":{"line":57,"column":28}},"type":"if","locations":[{"start":{"line":57,"column":6},"end":{"line":57,"column":28}}]},"8":{"loc":{"start":{"line":60,"column":4},"end":{"line":60,"column":34}},"type":"if","locations":[{"start":{"line":60,"column":4},"end":{"line":60,"column":34}}]}},"s":{"0":84,"1":58,"2":157,"3":58,"4":58,"5":87,"6":65,"7":65,"8":87,"9":58,"10":58,"11":58,"12":58,"13":19,"14":46,"15":19,"16":19,"17":29,"18":7,"19":22,"20":12,"21":62,"22":62,"23":161,"24":62,"25":62,"26":92,"27":92,"28":194,"29":106,"30":88,"31":19,"32":19,"33":19,"34":19,"35":69,"36":60,"37":60,"38":92,"39":13,"40":79,"41":49,"42":7,"43":42,"44":42,"45":5},"f":{"0":84,"1":58,"2":157,"3":19,"4":46,"5":62,"6":161},"b":{"0":[65],"1":[58,53],"2":[7],"3":[106],"4":[194,102],"5":[19,69],"6":[60],"7":[13],"8":[7]}}
,"/mnt/DATA/01-WORK/LIBRARIES/NODEJS/mini-express-server/lib/index.ts": {"path":"/mnt/DATA/01-WORK/LIBRARIES/NODEJS/mini-express-server/lib/index.ts","statementMap":{"0":{"start":{"line":1,"column":0},"end":{"line":1,"column":41}},"1":{"start":{"line":2,"column":0},"end":{"line":2,"column":9}},"2":{"start":{"line":2,"column":9},"end":{"line":2,"column":95}},"3":{"start":{"line":3,"column":0},"end":{"line":3,"column":9}},"4":{"start":{"line":3,"column":9},"end":{"line":3,"column":42}},"5":{"start":{"line":4,"column":0},"end":{"line":4,"column":35}},"6":{"start":{"line":5,"column":0},"end":{"line":5,"column":30}},"7":{"start":{"line":6,"column":13},"end":{"line":6,"column":40}},"8":{"start":{"line":7,"column":13},"end":{"line":7,"column":34}}},"fnMap":{"0":{"name":"(anonymous_0)","decl":{"start":{"line":2,"column":9},"end":{"line":2,"column":20}},"loc":{"start":{"line":2,"column":9},"end":{"line":2,"column":95}}},"1":{"name":"(anonymous_1)","decl":{"start":{"line":3,"column":9},"end":{"line":3,"column":19}},"loc":{"start":{"line":3,"column":9},"end":{"line":3,"column":42}}}},"branchMap":{},"s":{"0":4,"1":4,"2":4,"3":4,"4":4,"5":4,"6":4,"7":4,"8":4},"f":{"0":0,"1":0},"b":{}}
,"/mnt/DATA/01-WORK/LIBRARIES/NODEJS/mini-express-server/lib/models.class.ts": {"path":"/mnt/DATA/01-WORK/LIBRARIES/NODEJS/mini-express-server/lib/models.class.ts","statementMap":{"0":{"start":{"line":27,"column":4},"end":{"line":27,"column":19}},"1":{"start":{"line":24,"column":2},"end":{"line":24,"column":11}},"2":{"start":{"line":25,"column":2},"end":{"line":25,"column":19}},"3":{"start":{"line":28,"column":4},"end":{"line":28,"column":21}},"4":{"start":{"line":29,"column":4},"end":{"line":29,"column":21}},"5":{"start":{"line":23,"column":0},"end":{"line":23,"column":13}}},"fnMap":{"0":{"name":"(anonymous_0)","decl":{"start":{"line":26,"column":2},"end":{"line":26,"column":14}},"loc":{"start":{"line":26,"column":61},"end":{"line":30,"column":3}}}},"branchMap":{"0":{"loc":{"start":{"line":26,"column":45},"end":{"line":26,"column":61}},"type":"default-arg","locations":[{"start":{"line":26,"column":59},"end":{"line":26,"column":61}}]}},"s":{"0":4,"1":4,"2":4,"3":4,"4":4,"5":4},"f":{"0":4},"b":{"0":[4]}}
}
