{"/mnt/DATA/01-WORK/LIBRARIES/NODEJS/mini-express-server/lib/AppServer.ts": {"path":"/mnt/DATA/01-WORK/LIBRARIES/NODEJS/mini-express-server/lib/AppServer.ts","statementMap":{"0":{"start":{"line":3,"column":0},"end":{"line":3,"column":82}},"1":{"start":{"line":4,"column":0},"end":{"line":4,"column":32}},"2":{"start":{"line":5,"column":0},"end":{"line":5,"column":30}},"3":{"start":{"line":6,"column":0},"end":{"line":6,"column":34}},"4":{"start":{"line":8,"column":0},"end":{"line":8,"column":42}},"5":{"start":{"line":10,"column":13},"end":{"line":10,"column":34}},"6":{"start":{"line":13,"column":2},"end":{"line":13,"column":57}},"7":{"start":{"line":14,"column":10},"end":{"line":14,"column":22}},"8":{"start":{"line":15,"column":10},"end":{"line":15,"column":56}},"9":{"start":{"line":16,"column":10},"end":{"line":16,"column":57}},"10":{"start":{"line":17,"column":10},"end":{"line":17,"column":56}},"11":{"start":{"line":18,"column":10},"end":{"line":18,"column":59}},"12":{"start":{"line":19,"column":10},"end":{"line":19,"column":48}},"13":{"start":{"line":20,"column":2},"end":{"line":20,"column":38}},"14":{"start":{"line":27,"column":4},"end":{"line":27,"column":16}},"15":{"start":{"line":28,"column":4},"end":{"line":28,"column":40}},"16":{"start":{"line":36,"column":4},"end":{"line":48,"column":7}},"17":{"start":{"line":37,"column":17},"end":{"line":37,"column":19}},"18":{"start":{"line":38,"column":6},"end":{"line":40,"column":9}},"19":{"start":{"line":39,"column":8},"end":{"line":39,"column":22}},"20":{"start":{"line":41,"column":6},"end":{"line":43,"column":9}},"21":{"start":{"line":42,"column":8},"end":{"line":42,"column":42}},"22":{"start":{"line":44,"column":6},"end":{"line":47,"column":9}},"23":{"start":{"line":45,"column":8},"end":{"line":45,"column":60}},"24":{"start":{"line":46,"column":8},"end":{"line":46,"column":25}},"25":{"start":{"line":62,"column":51},"end":{"line":62,"column":84}},"26":{"start":{"line":63,"column":4},"end":{"line":74,"column":null}},"27":{"start":{"line":64,"column":6},"end":{"line":64,"column":72}},"28":{"start":{"line":65,"column":11},"end":{"line":74,"column":null}},"29":{"start":{"line":66,"column":6},"end":{"line":66,"column":73}},"30":{"start":{"line":67,"column":11},"end":{"line":74,"column":null}},"31":{"start":{"line":68,"column":6},"end":{"line":68,"column":72}},"32":{"start":{"line":69,"column":11},"end":{"line":74,"column":null}},"33":{"start":{"line":70,"column":6},"end":{"line":70,"column":75}},"34":{"start":{"line":72,"column":6},"end":{"line":72,"column":66}},"35":{"start":{"line":73,"column":6},"end":{"line":73,"column":39}},"36":{"start":{"line":92,"column":21},"end":{"line":92,"column":55}},"37":{"start":{"line":93,"column":33},"end":{"line":93,"column":48}},"38":{"start":{"line":94,"column":4},"end":{"line":94,"column":27}},"39":{"start":{"line":95,"column":4},"end":{"line":95,"column":45}},"40":{"start":{"line":96,"column":4},"end":{"line":96,"column":27}},"41":{"start":{"line":97,"column":4},"end":{"line":97,"column":54}},"42":{"start":{"line":98,"column":4},"end":{"line":98,"column":54}},"43":{"start":{"line":99,"column":4},"end":{"line":99,"column":28}},"44":{"start":{"line":101,"column":35},"end":{"line":101,"column":51}},"45":{"start":{"line":103,"column":4},"end":{"line":106,"column":6}},"46":{"start":{"line":104,"column":6},"end":{"line":104,"column":35}},"47":{"start":{"line":105,"column":6},"end":{"line":105,"column":18}},"48":{"start":{"line":107,"column":4},"end":{"line":111,"column":6}},"49":{"start":{"line":108,"column":6},"end":{"line":108,"column":71}},"50":{"start":{"line":109,"column":6},"end":{"line":109,"column":23}},"51":{"start":{"line":110,"column":6},"end":{"line":110,"column":17}},"52":{"start":{"line":113,"column":4},"end":{"line":117,"column":6}},"53":{"start":{"line":114,"column":6},"end":{"line":114,"column":78}},"54":{"start":{"line":115,"column":6},"end":{"line":115,"column":38}},"55":{"start":{"line":116,"column":6},"end":{"line":116,"column":17}},"56":{"start":{"line":119,"column":4},"end":{"line":130,"column":6}},"57":{"start":{"line":120,"column":25},"end":{"line":120,"column":54}},"58":{"start":{"line":121,"column":6},"end":{"line":121,"column":61}},"59":{"start":{"line":122,"column":6},"end":{"line":122,"column":71}},"60":{"start":{"line":123,"column":6},"end":{"line":123,"column":28}},"61":{"start":{"line":124,"column":6},"end":{"line":126,"column":9}},"62":{"start":{"line":125,"column":8},"end":{"line":125,"column":45}},"63":{"start":{"line":127,"column":6},"end":{"line":129,"column":9}},"64":{"start":{"line":128,"column":8},"end":{"line":128,"column":19}},"65":{"start":{"line":132,"column":4},"end":{"line":132,"column":49}},"66":{"start":{"line":145,"column":4},"end":{"line":145,"column":21}},"67":{"start":{"line":147,"column":4},"end":{"line":151,"column":27}},"68":{"start":{"line":148,"column":6},"end":{"line":150,"column":null}},"69":{"start":{"line":149,"column":8},"end":{"line":149,"column":39}},"70":{"start":{"line":176,"column":4},"end":{"line":176,"column":43}},"71":{"start":{"line":204,"column":4},"end":{"line":204,"column":44}},"72":{"start":{"line":235,"column":4},"end":{"line":235,"column":43}},"73":{"start":{"line":263,"column":4},"end":{"line":263,"column":46}},"74":{"start":{"line":331,"column":4},"end":{"line":339,"column":null}},"75":{"start":{"line":332,"column":6},"end":{"line":332,"column":66}},"76":{"start":{"line":332,"column":15},"end":{"line":332,"column":66}},"77":{"start":{"line":333,"column":36},"end":{"line":333,"column":38}},"78":{"start":{"line":335,"column":6},"end":{"line":335,"column":32}},"79":{"start":{"line":336,"column":6},"end":{"line":336,"column":33}},"80":{"start":{"line":337,"column":6},"end":{"line":337,"column":32}},"81":{"start":{"line":338,"column":6},"end":{"line":338,"column":35}},"82":{"start":{"line":340,"column":4},"end":{"line":344,"column":null}},"83":{"start":{"line":341,"column":6},"end":{"line":341,"column":79}},"84":{"start":{"line":341,"column":14},"end":{"line":341,"column":79}},"85":{"start":{"line":342,"column":36},"end":{"line":342,"column":41}},"86":{"start":{"line":343,"column":6},"end":{"line":343,"column":44}},"87":{"start":{"line":350,"column":4},"end":{"line":350,"column":49}},"88":{"start":{"line":401,"column":16},"end":{"line":401,"column":17}},"89":{"start":{"line":402,"column":21},"end":{"line":402,"column":33}},"90":{"start":{"line":403,"column":36},"end":{"line":403,"column":38}},"91":{"start":{"line":404,"column":4},"end":{"line":408,"column":null}},"92":{"start":{"line":405,"column":6},"end":{"line":405,"column":50}},"93":{"start":{"line":407,"column":6},"end":{"line":407,"column":49}},"94":{"start":{"line":410,"column":4},"end":{"line":412,"column":null}},"95":{"start":{"line":411,"column":6},"end":{"line":411,"column":47}},"96":{"start":{"line":413,"column":4},"end":{"line":413,"column":60}},"97":{"start":{"line":414,"column":25},"end":{"line":425,"column":5}},"98":{"start":{"line":415,"column":6},"end":{"line":424,"column":null}},"99":{"start":{"line":416,"column":8},"end":{"line":416,"column":43}},"100":{"start":{"line":418,"column":32},"end":{"line":418,"column":51}},"101":{"start":{"line":419,"column":8},"end":{"line":423,"column":null}},"102":{"start":{"line":420,"column":10},"end":{"line":420,"column":43}},"103":{"start":{"line":422,"column":10},"end":{"line":422,"column":45}},"104":{"start":{"line":426,"column":4},"end":{"line":426,"column":19}},"105":{"start":{"line":430,"column":4},"end":{"line":438,"column":null}},"106":{"start":{"line":431,"column":6},"end":{"line":431,"column":47}},"107":{"start":{"line":434,"column":8},"end":{"line":436,"column":15}},"108":{"start":{"line":437,"column":6},"end":{"line":437,"column":73}},"109":{"start":{"line":442,"column":4},"end":{"line":442,"column":37}},"110":{"start":{"line":446,"column":16},"end":{"line":446,"column":21}},"111":{"start":{"line":447,"column":4},"end":{"line":447,"column":42}},"112":{"start":{"line":447,"column":29},"end":{"line":447,"column":42}},"113":{"start":{"line":448,"column":4},"end":{"line":455,"column":null}},"114":{"start":{"line":449,"column":6},"end":{"line":454,"column":null}},"115":{"start":{"line":450,"column":8},"end":{"line":450,"column":21}},"116":{"start":{"line":451,"column":9},"end":{"line":451,"column":74}},"117":{"start":{"line":452,"column":9},"end":{"line":452,"column":55}},"118":{"start":{"line":453,"column":8},"end":{"line":453,"column":14}},"119":{"start":{"line":456,"column":4},"end":{"line":456,"column":27}},"120":{"start":{"line":456,"column":15},"end":{"line":456,"column":27}},"121":{"start":{"line":457,"column":4},"end":{"line":457,"column":17}},"122":{"start":{"line":461,"column":4},"end":{"line":462,"column":70}},"123":{"start":{"line":462,"column":6},"end":{"line":462,"column":70}},"124":{"start":{"line":463,"column":4},"end":{"line":464,"column":77}},"125":{"start":{"line":464,"column":6},"end":{"line":464,"column":77}},"126":{"start":{"line":465,"column":4},"end":{"line":465,"column":49}},"127":{"start":{"line":469,"column":4},"end":{"line":500,"column":6}},"128":{"start":{"line":470,"column":31},"end":{"line":470,"column":43}},"129":{"start":{"line":471,"column":36},"end":{"line":471,"column":71}},"130":{"start":{"line":472,"column":29},"end":{"line":472,"column":66}},"131":{"start":{"line":473,"column":6},"end":{"line":499,"column":null}},"132":{"start":{"line":474,"column":28},"end":{"line":474,"column":61}},"133":{"start":{"line":475,"column":25},"end":{"line":475,"column":61}},"134":{"start":{"line":476,"column":8},"end":{"line":495,"column":11}},"135":{"start":{"line":477,"column":10},"end":{"line":479,"column":null}},"136":{"start":{"line":478,"column":12},"end":{"line":478,"column":55}},"137":{"start":{"line":480,"column":10},"end":{"line":482,"column":null}},"138":{"start":{"line":481,"column":12},"end":{"line":481,"column":53}},"139":{"start":{"line":483,"column":10},"end":{"line":486,"column":13}},"140":{"start":{"line":487,"column":29},"end":{"line":487,"column":58}},"141":{"start":{"line":488,"column":10},"end":{"line":488,"column":31}},"142":{"start":{"line":489,"column":10},"end":{"line":491,"column":13}},"143":{"start":{"line":490,"column":12},"end":{"line":490,"column":55}},"144":{"start":{"line":492,"column":10},"end":{"line":494,"column":13}},"145":{"start":{"line":493,"column":12},"end":{"line":493,"column":22}},"146":{"start":{"line":497,"column":8},"end":{"line":497,"column":34}},"147":{"start":{"line":498,"column":9},"end":{"line":498,"column":25}},"148":{"start":{"line":12,"column":0},"end":{"line":12,"column":21}}},"fnMap":{"0":{"name":"(anonymous_0)","decl":{"start":{"line":26,"column":2},"end":{"line":26,"column":null}},"loc":{"start":{"line":26,"column":2},"end":{"line":29,"column":3}}},"1":{"name":"(anonymous_1)","decl":{"start":{"line":35,"column":10},"end":{"line":35,"column":14}},"loc":{"start":{"line":35,"column":14},"end":{"line":49,"column":3}}},"2":{"name":"(anonymous_2)","decl":{"start":{"line":36,"column":35},"end":{"line":36,"column":36}},"loc":{"start":{"line":36,"column":81},"end":{"line":48,"column":5}}},"3":{"name":"(anonymous_3)","decl":{"start":{"line":38,"column":21},"end":{"line":38,"column":22}},"loc":{"start":{"line":38,"column":36},"end":{"line":40,"column":7}}},"4":{"name":"(anonymous_4)","decl":{"start":{"line":41,"column":20},"end":{"line":41,"column":23}},"loc":{"start":{"line":41,"column":25},"end":{"line":43,"column":7}}},"5":{"name":"(anonymous_5)","decl":{"start":{"line":44,"column":22},"end":{"line":44,"column":27}},"loc":{"start":{"line":44,"column":30},"end":{"line":47,"column":7}}},"6":{"name":"(anonymous_6)","decl":{"start":{"line":61,"column":10},"end":{"line":61,"column":22}},"loc":{"start":{"line":61,"column":75},"end":{"line":75,"column":3}}},"7":{"name":"(anonymous_7)","decl":{"start":{"line":87,"column":10},"end":{"line":87,"column":22}},"loc":{"start":{"line":90,"column":18},"end":{"line":133,"column":3}}},"8":{"name":"(anonymous_8)","decl":{"start":{"line":103,"column":25},"end":{"line":103,"column":35}},"loc":{"start":{"line":103,"column":53},"end":{"line":106,"column":5}}},"9":{"name":"(anonymous_9)","decl":{"start":{"line":107,"column":23},"end":{"line":107,"column":33}},"loc":{"start":{"line":107,"column":45},"end":{"line":111,"column":5}}},"10":{"name":"(anonymous_10)","decl":{"start":{"line":113,"column":23},"end":{"line":113,"column":33}},"loc":{"start":{"line":113,"column":41},"end":{"line":117,"column":5}}},"11":{"name":"(anonymous_11)","decl":{"start":{"line":119,"column":27},"end":{"line":119,"column":37}},"loc":{"start":{"line":119,"column":80},"end":{"line":130,"column":5}}},"12":{"name":"(anonymous_12)","decl":{"start":{"line":124,"column":31},"end":{"line":124,"column":36}},"loc":{"start":{"line":124,"column":39},"end":{"line":126,"column":7}}},"13":{"name":"(anonymous_13)","decl":{"start":{"line":127,"column":26},"end":{"line":127,"column":29}},"loc":{"start":{"line":127,"column":31},"end":{"line":129,"column":7}}},"14":{"name":"(anonymous_14)","decl":{"start":{"line":141,"column":2},"end":{"line":141,"column":8}},"loc":{"start":{"line":143,"column":86},"end":{"line":152,"column":3}}},"15":{"name":"(anonymous_15)","decl":{"start":{"line":147,"column":61},"end":{"line":147,"column":64}},"loc":{"start":{"line":147,"column":66},"end":{"line":151,"column":5}}},"16":{"name":"(anonymous_16)","decl":{"start":{"line":175,"column":2},"end":{"line":175,"column":5}},"loc":{"start":{"line":175,"column":42},"end":{"line":177,"column":3}}},"17":{"name":"(anonymous_17)","decl":{"start":{"line":203,"column":2},"end":{"line":203,"column":6}},"loc":{"start":{"line":203,"column":43},"end":{"line":205,"column":3}}},"18":{"name":"(anonymous_18)","decl":{"start":{"line":234,"column":2},"end":{"line":234,"column":5}},"loc":{"start":{"line":234,"column":42},"end":{"line":236,"column":3}}},"19":{"name":"(anonymous_19)","decl":{"start":{"line":262,"column":2},"end":{"line":262,"column":8}},"loc":{"start":{"line":262,"column":45},"end":{"line":264,"column":3}}},"20":{"name":"(anonymous_20)","decl":{"start":{"line":330,"column":2},"end":{"line":330,"column":5}},"loc":{"start":{"line":330,"column":76},"end":{"line":345,"column":3}}},"21":{"name":"(anonymous_21)","decl":{"start":{"line":347,"column":2},"end":{"line":347,"column":17}},"loc":{"start":{"line":348,"column":96},"end":{"line":351,"column":3}}},"22":{"name":"(anonymous_22)","decl":{"start":{"line":400,"column":10},"end":{"line":400,"column":23}},"loc":{"start":{"line":400,"column":77},"end":{"line":427,"column":3}}},"23":{"name":"(anonymous_23)","decl":{"start":{"line":414,"column":25},"end":{"line":414,"column":30}},"loc":{"start":{"line":414,"column":47},"end":{"line":425,"column":5}}},"24":{"name":"(anonymous_24)","decl":{"start":{"line":429,"column":10},"end":{"line":429,"column":22}},"loc":{"start":{"line":429,"column":80},"end":{"line":439,"column":3}}},"25":{"name":"(anonymous_25)","decl":{"start":{"line":441,"column":2},"end":{"line":441,"column":15}},"loc":{"start":{"line":441,"column":15},"end":{"line":443,"column":3}}},"26":{"name":"(anonymous_26)","decl":{"start":{"line":445,"column":10},"end":{"line":445,"column":23}},"loc":{"start":{"line":445,"column":55},"end":{"line":458,"column":3}}},"27":{"name":"(anonymous_27)","decl":{"start":{"line":460,"column":2},"end":{"line":460,"column":11}},"loc":{"start":{"line":460,"column":50},"end":{"line":466,"column":3}}},"28":{"name":"(anonymous_28)","decl":{"start":{"line":468,"column":10},"end":{"line":468,"column":29}},"loc":{"start":{"line":468,"column":29},"end":{"line":501,"column":3}}},"29":{"name":"(anonymous_29)","decl":{"start":{"line":469,"column":11},"end":{"line":469,"column":12}},"loc":{"start":{"line":469,"column":51},"end":{"line":500,"column":5}}},"30":{"name":"(anonymous_30)","decl":{"start":{"line":476,"column":26},"end":{"line":476,"column":27}},"loc":{"start":{"line":476,"column":43},"end":{"line":495,"column":9}}},"31":{"name":"(anonymous_31)","decl":{"start":{"line":489,"column":35},"end":{"line":489,"column":40}},"loc":{"start":{"line":489,"column":43},"end":{"line":491,"column":11}}},"32":{"name":"(anonymous_32)","decl":{"start":{"line":492,"column":33},"end":{"line":492,"column":36}},"loc":{"start":{"line":492,"column":38},"end":{"line":494,"column":11}}}},"branchMap":{"0":{"loc":{"start":{"line":63,"column":4},"end":{"line":74,"column":null}},"type":"if","locations":[{"start":{"line":63,"column":4},"end":{"line":74,"column":null}},{"start":{"line":65,"column":11},"end":{"line":74,"column":null}}]},"1":{"loc":{"start":{"line":65,"column":11},"end":{"line":74,"column":null}},"type":"if","locations":[{"start":{"line":65,"column":11},"end":{"line":74,"column":null}},{"start":{"line":67,"column":11},"end":{"line":74,"column":null}}]},"2":{"loc":{"start":{"line":67,"column":11},"end":{"line":74,"column":null}},"type":"if","locations":[{"start":{"line":67,"column":11},"end":{"line":74,"column":null}},{"start":{"line":69,"column":11},"end":{"line":74,"column":null}}]},"3":{"loc":{"start":{"line":69,"column":11},"end":{"line":74,"column":null}},"type":"if","locations":[{"start":{"line":69,"column":11},"end":{"line":74,"column":null}},{"start":{"line":71,"column":11},"end":{"line":74,"column":null}}]},"4":{"loc":{"start":{"line":90,"column":4},"end":{"line":90,"column":18}},"type":"default-arg","locations":[{"start":{"line":90,"column":16},"end":{"line":90,"column":18}}]},"5":{"loc":{"start":{"line":119,"column":55},"end":{"line":119,"column":80}},"type":"default-arg","locations":[{"start":{"line":119,"column":69},"end":{"line":119,"column":80}}]},"6":{"loc":{"start":{"line":142,"column":4},"end":{"line":142,"column":15}},"type":"default-arg","locations":[{"start":{"line":142,"column":11},"end":{"line":142,"column":15}}]},"7":{"loc":{"start":{"line":147,"column":4},"end":{"line":151,"column":26}},"type":"cond-expr","locations":[{"start":{"line":147,"column":19},"end":{"line":147,"column":21}},{"start":{"line":147,"column":19},"end":{"line":151,"column":26}}]},"8":{"loc":{"start":{"line":147,"column":4},"end":{"line":147,"column":21}},"type":"binary-expr","locations":[{"start":{"line":147,"column":4},"end":{"line":147,"column":21}},{"start":{"line":147,"column":19},"end":{"line":147,"column":21}}]},"9":{"loc":{"start":{"line":148,"column":6},"end":{"line":150,"column":null}},"type":"if","locations":[{"start":{"line":148,"column":6},"end":{"line":150,"column":null}}]},"10":{"loc":{"start":{"line":149,"column":11},"end":{"line":149,"column":37}},"type":"cond-expr","locations":[{"start":{"line":149,"column":26},"end":{"line":149,"column":28}},{"start":{"line":149,"column":26},"end":{"line":149,"column":37}}]},"11":{"loc":{"start":{"line":149,"column":11},"end":{"line":149,"column":28}},"type":"binary-expr","locations":[{"start":{"line":149,"column":11},"end":{"line":149,"column":28}},{"start":{"line":149,"column":26},"end":{"line":149,"column":28}}]},"12":{"loc":{"start":{"line":330,"column":35},"end":{"line":330,"column":76}},"type":"default-arg","locations":[{"start":{"line":330,"column":72},"end":{"line":330,"column":76}}]},"13":{"loc":{"start":{"line":331,"column":4},"end":{"line":339,"column":null}},"type":"if","locations":[{"start":{"line":331,"column":4},"end":{"line":339,"column":null}}]},"14":{"loc":{"start":{"line":332,"column":6},"end":{"line":332,"column":66}},"type":"if","locations":[{"start":{"line":332,"column":6},"end":{"line":332,"column":66}}]},"15":{"loc":{"start":{"line":340,"column":4},"end":{"line":344,"column":null}},"type":"if","locations":[{"start":{"line":340,"column":4},"end":{"line":344,"column":null}}]},"16":{"loc":{"start":{"line":341,"column":6},"end":{"line":341,"column":79}},"type":"if","locations":[{"start":{"line":341,"column":6},"end":{"line":341,"column":79}}]},"17":{"loc":{"start":{"line":404,"column":4},"end":{"line":408,"column":null}},"type":"if","locations":[{"start":{"line":404,"column":4},"end":{"line":408,"column":null}},{"start":{"line":406,"column":11},"end":{"line":408,"column":null}}]},"18":{"loc":{"start":{"line":410,"column":4},"end":{"line":412,"column":null}},"type":"if","locations":[{"start":{"line":410,"column":4},"end":{"line":412,"column":null}}]},"19":{"loc":{"start":{"line":415,"column":6},"end":{"line":424,"column":null}},"type":"if","locations":[{"start":{"line":415,"column":6},"end":{"line":424,"column":null}},{"start":{"line":417,"column":13},"end":{"line":424,"column":null}}]},"20":{"loc":{"start":{"line":430,"column":4},"end":{"line":438,"column":null}},"type":"if","locations":[{"start":{"line":430,"column":4},"end":{"line":438,"column":null}},{"start":{"line":432,"column":11},"end":{"line":438,"column":null}}]},"21":{"loc":{"start":{"line":434,"column":8},"end":{"line":436,"column":15}},"type":"cond-expr","locations":[{"start":{"line":435,"column":13},"end":{"line":435,"column":32}},{"start":{"line":436,"column":12},"end":{"line":436,"column":15}}]},"22":{"loc":{"start":{"line":434,"column":8},"end":{"line":434,"column":71}},"type":"binary-expr","locations":[{"start":{"line":434,"column":9},"end":{"line":434,"column":28}},{"start":{"line":434,"column":32},"end":{"line":434,"column":71}}]},"23":{"loc":{"start":{"line":434,"column":9},"end":{"line":434,"column":28}},"type":"cond-expr","locations":[{"start":{"line":434,"column":14},"end":{"line":434,"column":22}},{"start":{"line":434,"column":9},"end":{"line":434,"column":28}}]},"24":{"loc":{"start":{"line":434,"column":9},"end":{"line":434,"column":22}},"type":"binary-expr","locations":[{"start":{"line":434,"column":9},"end":{"line":434,"column":24}},{"start":{"line":434,"column":9},"end":{"line":434,"column":22}}]},"25":{"loc":{"start":{"line":434,"column":40},"end":{"line":434,"column":59}},"type":"cond-expr","locations":[{"start":{"line":434,"column":45},"end":{"line":434,"column":53}},{"start":{"line":434,"column":40},"end":{"line":434,"column":59}}]},"26":{"loc":{"start":{"line":434,"column":40},"end":{"line":434,"column":53}},"type":"binary-expr","locations":[{"start":{"line":434,"column":40},"end":{"line":434,"column":55}},{"start":{"line":434,"column":40},"end":{"line":434,"column":53}}]},"27":{"loc":{"start":{"line":435,"column":13},"end":{"line":435,"column":32}},"type":"cond-expr","locations":[{"start":{"line":435,"column":18},"end":{"line":435,"column":26}},{"start":{"line":435,"column":13},"end":{"line":435,"column":32}}]},"28":{"loc":{"start":{"line":435,"column":13},"end":{"line":435,"column":26}},"type":"binary-expr","locations":[{"start":{"line":435,"column":13},"end":{"line":435,"column":28}},{"start":{"line":435,"column":13},"end":{"line":435,"column":26}}]},"29":{"loc":{"start":{"line":437,"column":28},"end":{"line":437,"column":71}},"type":"binary-expr","locations":[{"start":{"line":437,"column":28},"end":{"line":437,"column":42}},{"start":{"line":437,"column":47},"end":{"line":437,"column":60}},{"start":{"line":437,"column":64},"end":{"line":437,"column":71}}]},"30":{"loc":{"start":{"line":437,"column":28},"end":{"line":437,"column":42}},"type":"cond-expr","locations":[{"start":{"line":437,"column":33},"end":{"line":437,"column":35}},{"start":{"line":437,"column":28},"end":{"line":437,"column":42}}]},"31":{"loc":{"start":{"line":437,"column":28},"end":{"line":437,"column":35}},"type":"binary-expr","locations":[{"start":{"line":437,"column":28},"end":{"line":437,"column":35}},{"start":{"line":437,"column":28},"end":{"line":437,"column":35}}]},"32":{"loc":{"start":{"line":447,"column":4},"end":{"line":447,"column":42}},"type":"if","locations":[{"start":{"line":447,"column":4},"end":{"line":447,"column":42}}]},"33":{"loc":{"start":{"line":449,"column":6},"end":{"line":454,"column":null}},"type":"if","locations":[{"start":{"line":449,"column":6},"end":{"line":454,"column":null}}]},"34":{"loc":{"start":{"line":456,"column":4},"end":{"line":456,"column":27}},"type":"if","locations":[{"start":{"line":456,"column":4},"end":{"line":456,"column":27}}]},"35":{"loc":{"start":{"line":461,"column":4},"end":{"line":462,"column":70}},"type":"if","locations":[{"start":{"line":461,"column":4},"end":{"line":462,"column":70}}]},"36":{"loc":{"start":{"line":463,"column":4},"end":{"line":464,"column":77}},"type":"if","locations":[{"start":{"line":463,"column":4},"end":{"line":464,"column":77}}]},"37":{"loc":{"start":{"line":474,"column":28},"end":{"line":474,"column":61}},"type":"cond-expr","locations":[{"start":{"line":474,"column":49},"end":{"line":474,"column":52}},{"start":{"line":474,"column":49},"end":{"line":474,"column":61}}]},"38":{"loc":{"start":{"line":474,"column":28},"end":{"line":474,"column":52}},"type":"binary-expr","locations":[{"start":{"line":474,"column":28},"end":{"line":474,"column":52}},{"start":{"line":474,"column":49},"end":{"line":474,"column":52}}]},"39":{"loc":{"start":{"line":477,"column":10},"end":{"line":479,"column":null}},"type":"if","locations":[{"start":{"line":477,"column":10},"end":{"line":479,"column":null}}]},"40":{"loc":{"start":{"line":480,"column":10},"end":{"line":482,"column":null}},"type":"if","locations":[{"start":{"line":480,"column":10},"end":{"line":482,"column":null}}]}},"s":{"0":2,"1":2,"2":2,"3":2,"4":2,"5":2,"6":15,"7":15,"8":15,"9":15,"10":15,"11":15,"12":15,"13":15,"14":15,"15":15,"16":15,"17":0,"18":0,"19":0,"20":0,"21":0,"22":0,"23":0,"24":0,"25":9,"26":9,"27":6,"28":3,"29":3,"30":0,"31":0,"32":0,"33":0,"34":0,"35":0,"36":10,"37":10,"38":10,"39":10,"40":10,"41":10,"42":10,"43":10,"44":10,"45":10,"46":4,"47":4,"48":10,"49":4,"50":4,"51":4,"52":10,"53":1,"54":1,"55":1,"56":10,"57":0,"58":0,"59":0,"60":0,"61":0,"62":0,"63":0,"64":0,"65":10,"66":1,"67":1,"68":0,"69":0,"70":9,"71":5,"72":3,"73":2,"74":2,"75":1,"76":0,"77":1,"78":1,"79":1,"80":1,"81":1,"82":2,"83":1,"84":0,"85":1,"86":1,"87":1,"88":14,"89":14,"90":14,"91":14,"92":0,"93":14,"94":14,"95":3,"96":11,"97":11,"98":16,"99":1,"100":15,"101":15,"102":15,"103":2,"104":11,"105":3,"106":2,"107":1,"108":1,"109":12,"110":14,"111":14,"112":5,"113":9,"114":0,"115":0,"116":0,"117":0,"118":0,"119":9,"120":0,"121":9,"122":0,"123":0,"124":0,"125":0,"126":0,"127":0,"128":0,"129":0,"130":0,"131":0,"132":0,"133":0,"134":0,"135":0,"136":0,"137":0,"138":0,"139":0,"140":0,"141":0,"142":0,"143":0,"144":0,"145":0,"146":0,"147":0,"148":2},"f":{"0":15,"1":15,"2":0,"3":0,"4":0,"5":0,"6":9,"7":10,"8":4,"9":4,"10":1,"11":0,"12":0,"13":0,"14":1,"15":0,"16":9,"17":5,"18":3,"19":2,"20":2,"21":1,"22":14,"23":16,"24":3,"25":12,"26":14,"27":0,"28":0,"29":0,"30":0,"31":0,"32":0},"b":{"0":[6,3],"1":[3,0],"2":[0,0],"3":[0,0],"4":[0],"5":[0],"6":[1],"7":[0,1],"8":[1,1],"9":[0],"10":[0,0],"11":[0,0],"12":[1],"13":[1],"14":[0],"15":[1],"16":[0],"17":[0,14],"18":[3],"19":[1,15],"20":[2,1],"21":[1,0],"22":[1,1],"23":[0,1],"24":[1,1],"25":[0,1],"26":[1,1],"27":[0,1],"28":[1,1],"29":[1,0,0],"30":[0,1],"31":[1,1],"32":[5],"33":[0],"34":[0],"35":[0],"36":[0],"37":[0,0],"38":[0,0],"39":[0],"40":[0]}}
,"/mnt/DATA/01-WORK/LIBRARIES/NODEJS/mini-express-server/lib/RoutesTrie.ts": {"path":"/mnt/DATA/01-WORK/LIBRARIES/NODEJS/mini-express-server/lib/RoutesTrie.ts","statementMap":{"0":{"start":{"line":9,"column":2},"end":{"line":9,"column":44}},"1":{"start":{"line":11,"column":18},"end":{"line":11,"column":55}},"2":{"start":{"line":11,"column":47},"end":{"line":11,"column":54}},"3":{"start":{"line":12,"column":32},"end":{"line":12,"column":41}},"4":{"start":{"line":13,"column":4},"end":{"line":19,"column":null}},"5":{"start":{"line":14,"column":6},"end":{"line":17,"column":null}},"6":{"start":{"line":15,"column":37},"end":{"line":15,"column":55}},"7":{"start":{"line":16,"column":8},"end":{"line":16,"column":27}},"8":{"start":{"line":18,"column":6},"end":{"line":18,"column":26}},"9":{"start":{"line":20,"column":4},"end":{"line":20,"column":25}},"10":{"start":{"line":21,"column":4},"end":{"line":21,"column":20}},"11":{"start":{"line":24,"column":18},"end":{"line":24,"column":55}},"12":{"start":{"line":24,"column":47},"end":{"line":24,"column":54}},"13":{"start":{"line":25,"column":32},"end":{"line":25,"column":41}},"14":{"start":{"line":26,"column":4},"end":{"line":31,"column":null}},"15":{"start":{"line":27,"column":6},"end":{"line":29,"column":null}},"16":{"start":{"line":28,"column":8},"end":{"line":28,"column":21}},"17":{"start":{"line":30,"column":6},"end":{"line":30,"column":26}},"18":{"start":{"line":32,"column":4},"end":{"line":32,"column":25}},"19":{"start":{"line":36,"column":46},"end":{"line":36,"column":63}},"20":{"start":{"line":37,"column":18},"end":{"line":37,"column":55}},"21":{"start":{"line":37,"column":47},"end":{"line":37,"column":54}},"22":{"start":{"line":38,"column":32},"end":{"line":38,"column":41}},"23":{"start":{"line":39,"column":4},"end":{"line":57,"column":null}},"24":{"start":{"line":40,"column":33},"end":{"line":40,"column":37}},"25":{"start":{"line":41,"column":6},"end":{"line":54,"column":null}},"26":{"start":{"line":42,"column":8},"end":{"line":42,"column":55}},"27":{"start":{"line":42,"column":46},"end":{"line":42,"column":55}},"28":{"start":{"line":43,"column":8},"end":{"line":53,"column":null}},"29":{"start":{"line":44,"column":24},"end":{"line":44,"column":41}},"30":{"start":{"line":45,"column":10},"end":{"line":45,"column":31}},"31":{"start":{"line":46,"column":10},"end":{"line":46,"column":22}},"32":{"start":{"line":47,"column":10},"end":{"line":47,"column":16}},"33":{"start":{"line":49,"column":10},"end":{"line":52,"column":null}},"34":{"start":{"line":50,"column":12},"end":{"line":50,"column":24}},"35":{"start":{"line":51,"column":12},"end":{"line":51,"column":18}},"36":{"start":{"line":55,"column":6},"end":{"line":55,"column":28}},"37":{"start":{"line":55,"column":18},"end":{"line":55,"column":28}},"38":{"start":{"line":56,"column":6},"end":{"line":56,"column":27}},"39":{"start":{"line":58,"column":4},"end":{"line":58,"column":34}},"40":{"start":{"line":58,"column":24},"end":{"line":58,"column":34}},"41":{"start":{"line":59,"column":4},"end":{"line":59,"column":24}},"42":{"start":{"line":60,"column":4},"end":{"line":60,"column":38}},"43":{"start":{"line":8,"column":0},"end":{"line":8,"column":13}}},"fnMap":{"0":{"name":"(anonymous_0)","decl":{"start":{"line":8,"column":0},"end":{"line":8,"column":13}},"loc":{"start":{"line":8,"column":0},"end":{"line":62,"column":1}}},"1":{"name":"(anonymous_1)","decl":{"start":{"line":10,"column":2},"end":{"line":10,"column":5}},"loc":{"start":{"line":10,"column":42},"end":{"line":22,"column":3}}},"2":{"name":"(anonymous_2)","decl":{"start":{"line":11,"column":42},"end":{"line":11,"column":43}},"loc":{"start":{"line":11,"column":47},"end":{"line":11,"column":54}}},"3":{"name":"(anonymous_3)","decl":{"start":{"line":23,"column":2},"end":{"line":23,"column":5}},"loc":{"start":{"line":23,"column":19},"end":{"line":33,"column":3}}},"4":{"name":"(anonymous_4)","decl":{"start":{"line":24,"column":42},"end":{"line":24,"column":43}},"loc":{"start":{"line":24,"column":47},"end":{"line":24,"column":54}}},"5":{"name":"(anonymous_5)","decl":{"start":{"line":35,"column":2},"end":{"line":35,"column":5}},"loc":{"start":{"line":35,"column":34},"end":{"line":61,"column":3}}},"6":{"name":"(anonymous_6)","decl":{"start":{"line":37,"column":42},"end":{"line":37,"column":43}},"loc":{"start":{"line":37,"column":47},"end":{"line":37,"column":54}}}},"branchMap":{"0":{"loc":{"start":{"line":14,"column":6},"end":{"line":17,"column":null}},"type":"if","locations":[{"start":{"line":14,"column":6},"end":{"line":17,"column":null}}]},"1":{"loc":{"start":{"line":27,"column":6},"end":{"line":29,"column":null}},"type":"if","locations":[{"start":{"line":27,"column":6},"end":{"line":29,"column":null}}]},"2":{"loc":{"start":{"line":42,"column":8},"end":{"line":42,"column":55}},"type":"if","locations":[{"start":{"line":42,"column":8},"end":{"line":42,"column":55}}]},"3":{"loc":{"start":{"line":42,"column":12},"end":{"line":42,"column":44}},"type":"binary-expr","locations":[{"start":{"line":42,"column":12},"end":{"line":42,"column":28}},{"start":{"line":42,"column":32},"end":{"line":42,"column":44}}]},"4":{"loc":{"start":{"line":43,"column":8},"end":{"line":53,"column":null}},"type":"if","locations":[{"start":{"line":43,"column":8},"end":{"line":53,"column":null}},{"start":{"line":48,"column":15},"end":{"line":53,"column":null}}]},"5":{"loc":{"start":{"line":49,"column":10},"end":{"line":52,"column":null}},"type":"if","locations":[{"start":{"line":49,"column":10},"end":{"line":52,"column":null}}]},"6":{"loc":{"start":{"line":55,"column":6},"end":{"line":55,"column":28}},"type":"if","locations":[{"start":{"line":55,"column":6},"end":{"line":55,"column":28}}]},"7":{"loc":{"start":{"line":58,"column":4},"end":{"line":58,"column":34}},"type":"if","locations":[{"start":{"line":58,"column":4},"end":{"line":58,"column":34}}]}},"s":{"0":64,"1":28,"2":72,"3":28,"4":28,"5":44,"6":37,"7":37,"8":44,"9":28,"10":28,"11":19,"12":46,"13":19,"14":19,"15":29,"16":7,"17":22,"18":12,"19":46,"20":46,"21":119,"22":46,"23":46,"24":69,"25":69,"26":139,"27":77,"28":62,"29":16,"30":16,"31":16,"32":16,"33":46,"34":40,"35":40,"36":69,"37":13,"38":56,"39":33,"40":7,"41":26,"42":26,"43":3},"f":{"0":64,"1":28,"2":72,"3":19,"4":46,"5":46,"6":119},"b":{"0":[37],"1":[7],"2":[77],"3":[139,70],"4":[16,46],"5":[40],"6":[13],"7":[7]}}
,"/mnt/DATA/01-WORK/LIBRARIES/NODEJS/mini-express-server/lib/index.ts": {"path":"/mnt/DATA/01-WORK/LIBRARIES/NODEJS/mini-express-server/lib/index.ts","statementMap":{"0":{"start":{"line":1,"column":0},"end":{"line":1,"column":41}},"1":{"start":{"line":2,"column":0},"end":{"line":2,"column":9}},"2":{"start":{"line":2,"column":9},"end":{"line":2,"column":95}},"3":{"start":{"line":3,"column":0},"end":{"line":3,"column":9}},"4":{"start":{"line":3,"column":9},"end":{"line":3,"column":42}},"5":{"start":{"line":5,"column":0},"end":{"line":5,"column":30}},"6":{"start":{"line":6,"column":13},"end":{"line":6,"column":40}}},"fnMap":{"0":{"name":"(anonymous_0)","decl":{"start":{"line":2,"column":9},"end":{"line":2,"column":20}},"loc":{"start":{"line":2,"column":9},"end":{"line":2,"column":95}}},"1":{"name":"(anonymous_1)","decl":{"start":{"line":3,"column":9},"end":{"line":3,"column":19}},"loc":{"start":{"line":3,"column":9},"end":{"line":3,"column":42}}}},"branchMap":{},"s":{"0":2,"1":2,"2":2,"3":2,"4":2,"5":2,"6":2},"f":{"0":0,"1":0},"b":{}}
,"/mnt/DATA/01-WORK/LIBRARIES/NODEJS/mini-express-server/lib/models.class.ts": {"path":"/mnt/DATA/01-WORK/LIBRARIES/NODEJS/mini-express-server/lib/models.class.ts","statementMap":{"0":{"start":{"line":26,"column":4},"end":{"line":26,"column":19}},"1":{"start":{"line":23,"column":2},"end":{"line":23,"column":11}},"2":{"start":{"line":24,"column":2},"end":{"line":24,"column":19}},"3":{"start":{"line":27,"column":4},"end":{"line":27,"column":21}},"4":{"start":{"line":28,"column":4},"end":{"line":28,"column":21}},"5":{"start":{"line":22,"column":0},"end":{"line":22,"column":13}}},"fnMap":{"0":{"name":"(anonymous_0)","decl":{"start":{"line":25,"column":2},"end":{"line":25,"column":14}},"loc":{"start":{"line":25,"column":61},"end":{"line":29,"column":3}}}},"branchMap":{"0":{"loc":{"start":{"line":25,"column":45},"end":{"line":25,"column":61}},"type":"default-arg","locations":[{"start":{"line":25,"column":59},"end":{"line":25,"column":61}}]}},"s":{"0":0,"1":0,"2":0,"3":0,"4":0,"5":2},"f":{"0":0},"b":{"0":[0]}}
}
