TN:
SF:lib/AppServer.ts
FN:20,(anonymous_0)
FN:25,(anonymous_1)
FN:26,(anonymous_2)
FN:28,(anonymous_3)
FN:31,(anonymous_4)
FN:34,(anonymous_5)
FN:41,(anonymous_6)
FN:57,(anonymous_7)
FN:73,(anonymous_8)
FN:77,(anonymous_9)
FN:83,(anonymous_10)
FN:89,(anonymous_11)
FN:93,(anonymous_12)
FN:101,(anonymous_13)
FN:106,(anonymous_14)
FN:113,(anonymous_15)
FN:120,(anonymous_16)
FN:127,(anonymous_17)
FN:134,(anonymous_18)
FN:151,(anonymous_19)
FN:157,(anonymous_20)
FN:158,(anonymous_21)
FN:161,(anonymous_22)
FN:193,(anonymous_23)
FN:200,(anonymous_24)
FN:216,(anonymous_25)
FN:228,(anonymous_26)
FNF:27
FNH:17
FNDA:11,(anonymous_0)
FNDA:11,(anonymous_1)
FNDA:0,(anonymous_2)
FNDA:0,(anonymous_3)
FNDA:0,(anonymous_4)
FNDA:0,(anonymous_5)
FNDA:1,(anonymous_6)
FNDA:2,(anonymous_7)
FNDA:1,(anonymous_8)
FNDA:1,(anonymous_9)
FNDA:0,(anonymous_10)
FNDA:0,(anonymous_11)
FNDA:0,(anonymous_12)
FNDA:1,(anonymous_13)
FNDA:4,(anonymous_14)
FNDA:1,(anonymous_15)
FNDA:1,(anonymous_16)
FNDA:1,(anonymous_17)
FNDA:0,(anonymous_18)
FNDA:0,(anonymous_19)
FNDA:7,(anonymous_20)
FNDA:14,(anonymous_21)
FNDA:4,(anonymous_22)
FNDA:4,(anonymous_23)
FNDA:6,(anonymous_24)
FNDA:0,(anonymous_25)
FNDA:10,(anonymous_26)
DA:2,1
DA:3,1
DA:4,1
DA:7,1
DA:8,11
DA:9,11
DA:10,11
DA:11,11
DA:12,11
DA:13,11
DA:14,11
DA:21,11
DA:22,11
DA:26,11
DA:27,0
DA:28,0
DA:29,0
DA:31,0
DA:32,0
DA:34,0
DA:35,0
DA:36,0
DA:42,1
DA:43,1
DA:44,1
DA:45,0
DA:46,0
DA:47,0
DA:48,0
DA:49,0
DA:50,0
DA:52,0
DA:53,0
DA:62,2
DA:63,2
DA:64,2
DA:65,2
DA:66,2
DA:67,2
DA:68,2
DA:69,2
DA:71,2
DA:73,2
DA:74,1
DA:75,1
DA:77,2
DA:78,1
DA:79,1
DA:80,1
DA:83,2
DA:84,0
DA:85,0
DA:86,0
DA:89,2
DA:90,0
DA:91,0
DA:92,0
DA:93,0
DA:94,0
DA:98,2
DA:102,1
DA:103,1
DA:107,4
DA:108,4
DA:110,4
DA:114,1
DA:115,1
DA:117,1
DA:121,1
DA:122,1
DA:124,1
DA:128,1
DA:129,1
DA:131,1
DA:135,0
DA:136,0
DA:137,0
DA:139,0
DA:140,0
DA:141,0
DA:142,0
DA:144,0
DA:145,0
DA:146,0
DA:147,0
DA:154,0
DA:158,14
DA:163,4
DA:165,4
DA:166,3
DA:167,3
DA:168,3
DA:169,3
DA:170,3
DA:171,3
DA:173,0
DA:174,0
DA:177,3
DA:178,0
DA:179,0
DA:183,3
DA:185,3
DA:186,3
DA:190,1
DA:194,4
DA:195,4
DA:196,4
DA:197,1
DA:199,3
DA:200,3
DA:201,6
DA:202,0
DA:204,6
DA:205,6
DA:206,6
DA:208,0
DA:209,0
DA:213,3
DA:217,0
DA:218,0
DA:221,0
DA:224,0
DA:229,10
LF:123
LH:76
BRDA:43,0,0,1
BRDA:43,0,1,0
BRDA:45,1,0,0
BRDA:45,1,1,0
BRDA:47,2,0,0
BRDA:47,2,1,0
BRDA:49,3,0,0
BRDA:49,3,1,0
BRDA:60,4,0,0
BRDA:89,5,0,0
BRDA:101,6,0,1
BRDA:101,7,0,1
BRDA:103,8,0,0
BRDA:103,8,1,1
BRDA:103,9,0,1
BRDA:103,9,1,1
BRDA:107,10,0,4
BRDA:110,11,0,0
BRDA:110,11,1,4
BRDA:110,12,0,4
BRDA:110,12,1,4
BRDA:114,13,0,1
BRDA:117,14,0,0
BRDA:117,14,1,1
BRDA:117,15,0,1
BRDA:117,15,1,1
BRDA:121,16,0,1
BRDA:124,17,0,0
BRDA:124,17,1,1
BRDA:124,18,0,1
BRDA:124,18,1,1
BRDA:128,19,0,1
BRDA:131,20,0,0
BRDA:131,20,1,1
BRDA:131,21,0,1
BRDA:131,21,1,1
BRDA:135,22,0,0
BRDA:136,23,0,0
BRDA:144,24,0,0
BRDA:145,25,0,0
BRDA:157,26,0,0
BRDA:167,27,0,0
BRDA:171,28,0,0
BRDA:171,28,1,3
BRDA:177,29,0,0
BRDA:183,30,0,3
BRDA:196,31,0,1
BRDA:201,32,0,0
BRDA:201,32,1,6
BRDA:217,33,0,0
BRDA:217,33,1,0
BRDA:221,34,0,0
BRDA:221,34,1,0
BRDA:221,35,0,0
BRDA:221,35,1,0
BRDA:221,36,0,0
BRDA:221,36,1,0
BRDA:221,37,0,0
BRDA:221,37,1,0
BRDA:221,38,0,0
BRDA:221,38,1,0
BRDA:221,39,0,0
BRDA:221,39,1,0
BRDA:222,40,0,0
BRDA:222,40,1,0
BRDA:222,41,0,0
BRDA:222,41,1,0
BRF:67
BRH:26
end_of_record
TN:
SF:lib/index.ts
FNF:0
FNH:0
DA:2,1
DA:3,1
LF:2
LH:2
BRF:0
BRH:0
end_of_record
TN:
SF:lib/models.class.ts
FN:25,(anonymous_0)
FNF:1
FNH:0
FNDA:0,(anonymous_0)
DA:22,1
DA:23,0
DA:24,0
DA:26,0
DA:27,0
DA:28,0
LF:6
LH:1
BRF:0
BRH:0
end_of_record
