TN:
SF:lib/AppServer.ts
FN:20,(anonymous_0)
FN:25,(anonymous_1)
FN:26,(anonymous_2)
FN:28,(anonymous_3)
FN:31,(anonymous_4)
FN:34,(anonymous_5)
FN:41,(anonymous_6)
FN:57,(anonymous_7)
FN:73,(anonymous_8)
FN:77,(anonymous_9)
FN:83,(anonymous_10)
FN:89,(anonymous_11)
FN:93,(anonymous_12)
FN:101,(anonymous_13)
FN:106,(anonymous_14)
FN:113,(anonymous_15)
FN:120,(anonymous_16)
FN:127,(anonymous_17)
FN:134,(anonymous_18)
FN:151,(anonymous_19)
FN:157,(anonymous_20)
FN:158,(anonymous_21)
FN:161,(anonymous_22)
FN:193,(anonymous_23)
FN:200,(anonymous_24)
FN:216,(anonymous_25)
FN:228,(anonymous_26)
FNF:27
FNH:21
FNDA:15,(anonymous_0)
FNDA:15,(anonymous_1)
FNDA:0,(anonymous_2)
FNDA:0,(anonymous_3)
FNDA:0,(anonymous_4)
FNDA:0,(anonymous_5)
FNDA:9,(anonymous_6)
FNDA:10,(anonymous_7)
FNDA:4,(anonymous_8)
FNDA:4,(anonymous_9)
FNDA:1,(anonymous_10)
FNDA:0,(anonymous_11)
FNDA:0,(anonymous_12)
FNDA:1,(anonymous_13)
FNDA:9,(anonymous_14)
FNDA:5,(anonymous_15)
FNDA:3,(anonymous_16)
FNDA:2,(anonymous_17)
FNDA:2,(anonymous_18)
FNDA:1,(anonymous_19)
FNDA:31,(anonymous_20)
FNDA:76,(anonymous_21)
FNDA:14,(anonymous_22)
FNDA:14,(anonymous_23)
FNDA:16,(anonymous_24)
FNDA:3,(anonymous_25)
FNDA:12,(anonymous_26)
DA:2,2
DA:3,2
DA:4,2
DA:7,2
DA:8,15
DA:9,15
DA:10,15
DA:11,15
DA:12,15
DA:13,15
DA:14,15
DA:21,15
DA:22,15
DA:26,15
DA:27,0
DA:28,0
DA:29,0
DA:31,0
DA:32,0
DA:34,0
DA:35,0
DA:36,0
DA:42,9
DA:43,9
DA:44,6
DA:45,3
DA:46,3
DA:47,0
DA:48,0
DA:49,0
DA:50,0
DA:52,0
DA:53,0
DA:62,10
DA:63,10
DA:64,10
DA:65,10
DA:66,10
DA:67,10
DA:68,10
DA:69,10
DA:71,10
DA:73,10
DA:74,4
DA:75,4
DA:77,10
DA:78,4
DA:79,4
DA:80,4
DA:83,10
DA:84,1
DA:85,1
DA:86,1
DA:89,10
DA:90,0
DA:91,0
DA:92,0
DA:93,0
DA:94,0
DA:98,10
DA:102,1
DA:103,1
DA:107,9
DA:108,9
DA:110,9
DA:114,5
DA:115,5
DA:117,5
DA:121,3
DA:122,3
DA:124,3
DA:128,2
DA:129,2
DA:131,2
DA:135,2
DA:136,1
DA:137,1
DA:139,1
DA:140,1
DA:141,1
DA:142,1
DA:144,2
DA:145,1
DA:146,1
DA:147,1
DA:154,1
DA:158,76
DA:163,14
DA:165,14
DA:166,17
DA:167,17
DA:168,12
DA:169,12
DA:170,12
DA:171,17
DA:173,4
DA:174,4
DA:177,13
DA:178,1
DA:179,1
DA:183,12
DA:185,11
DA:186,11
DA:190,3
DA:194,14
DA:195,14
DA:196,14
DA:197,3
DA:199,11
DA:200,11
DA:201,16
DA:202,1
DA:204,15
DA:205,15
DA:206,15
DA:208,2
DA:209,2
DA:213,11
DA:217,3
DA:218,2
DA:221,1
DA:224,1
DA:229,12
LF:123
LH:104
BRDA:43,0,0,6
BRDA:43,0,1,3
BRDA:45,1,0,3
BRDA:45,1,1,0
BRDA:47,2,0,0
BRDA:47,2,1,0
BRDA:49,3,0,0
BRDA:49,3,1,0
BRDA:60,4,0,0
BRDA:89,5,0,0
BRDA:101,6,0,1
BRDA:101,7,0,1
BRDA:103,8,0,0
BRDA:103,8,1,1
BRDA:103,9,0,1
BRDA:103,9,1,1
BRDA:107,10,0,9
BRDA:110,11,0,0
BRDA:110,11,1,9
BRDA:110,12,0,9
BRDA:110,12,1,9
BRDA:114,13,0,5
BRDA:117,14,0,0
BRDA:117,14,1,5
BRDA:117,15,0,5
BRDA:117,15,1,5
BRDA:121,16,0,3
BRDA:124,17,0,0
BRDA:124,17,1,3
BRDA:124,18,0,3
BRDA:124,18,1,3
BRDA:128,19,0,2
BRDA:131,20,0,0
BRDA:131,20,1,2
BRDA:131,21,0,2
BRDA:131,21,1,2
BRDA:134,22,0,1
BRDA:135,23,0,1
BRDA:136,24,0,0
BRDA:144,25,0,1
BRDA:145,26,0,0
BRDA:157,27,0,0
BRDA:167,28,0,5
BRDA:171,29,0,4
BRDA:171,29,1,13
BRDA:177,30,0,1
BRDA:183,31,0,11
BRDA:196,32,0,3
BRDA:201,33,0,1
BRDA:201,33,1,15
BRDA:217,34,0,2
BRDA:217,34,1,1
BRDA:221,35,0,1
BRDA:221,35,1,0
BRDA:221,36,0,1
BRDA:221,36,1,1
BRDA:221,37,0,0
BRDA:221,37,1,1
BRDA:221,38,0,1
BRDA:221,38,1,1
BRDA:221,39,0,0
BRDA:221,39,1,1
BRDA:221,40,0,1
BRDA:221,40,1,1
BRDA:222,41,0,0
BRDA:222,41,1,1
BRDA:222,42,0,1
BRDA:222,42,1,1
BRF:68
BRH:49
end_of_record
TN:
SF:lib/index.ts
FNF:0
FNH:0
DA:2,2
DA:3,2
LF:2
LH:2
BRF:0
BRH:0
end_of_record
TN:
SF:lib/models.class.ts
FN:25,(anonymous_0)
FNF:1
FNH:0
FNDA:0,(anonymous_0)
DA:22,2
DA:23,0
DA:24,0
DA:26,0
DA:27,0
DA:28,0
LF:6
LH:1
BRF:0
BRH:0
end_of_record
